{"C:\\Users\\famil\\OneDrive\\Documentos\\Carpeta Diego\\Programacion Web - 202501\\proyecto_final\\proyecto_final\\backend\\src\\config\\appConfig.js": {"path":"C:\\Users\\famil\\OneDrive\\Documentos\\Carpeta Diego\\Programacion Web - 202501\\proyecto_final\\proyecto_final\\backend\\src\\config\\appConfig.js","statementMap":{"0":{"start":{"line":7,"column":12},"end":{"line":7,"column":21}},"1":{"start":{"line":10,"column":0},"end":{"line":10,"column":16}},"2":{"start":{"line":11,"column":0},"end":{"line":11,"column":24}},"3":{"start":{"line":14,"column":0},"end":{"line":14,"column":43}},"4":{"start":{"line":15,"column":0},"end":{"line":15,"column":48}},"5":{"start":{"line":16,"column":0},"end":{"line":16,"column":33}}},"fnMap":{},"branchMap":{},"s":{"0":2,"1":2,"2":2,"3":2,"4":2,"5":2},"f":{},"b":{},"_coverageSchema":"1a1c01bbd47fc00a2c39e90264f33305004495a9","hash":"c14f0dedfd688ad25685f03f66241f551ba038ec"}
,"C:\\Users\\famil\\OneDrive\\Documentos\\Carpeta Diego\\Programacion Web - 202501\\proyecto_final\\proyecto_final\\backend\\src\\config\\db.config.js": {"path":"C:\\Users\\famil\\OneDrive\\Documentos\\Carpeta Diego\\Programacion Web - 202501\\proyecto_final\\proyecto_final\\backend\\src\\config\\db.config.js","statementMap":{"0":{"start":{"line":2,"column":17},"end":{"line":2,"column":19}},"1":{"start":{"line":5,"column":15},"end":{"line":15,"column":1}},"2":{"start":{"line":18,"column":20},"end":{"line":18,"column":36}},"3":{"start":{"line":20,"column":0},"end":{"line":23,"column":3}},"4":{"start":{"line":22,"column":4},"end":{"line":22,"column":83}},"5":{"start":{"line":30,"column":28},"end":{"line":75,"column":1}},"6":{"start":{"line":31,"column":4},"end":{"line":31,"column":76}},"7":{"start":{"line":32,"column":4},"end":{"line":74,"column":5}},"8":{"start":{"line":34,"column":8},"end":{"line":42,"column":11}},"9":{"start":{"line":45,"column":8},"end":{"line":53,"column":11}},"10":{"start":{"line":57,"column":8},"end":{"line":68,"column":11}},"11":{"start":{"line":70,"column":8},"end":{"line":70,"column":70}},"12":{"start":{"line":72,"column":8},"end":{"line":72,"column":96}},"13":{"start":{"line":73,"column":8},"end":{"line":73,"column":20}}},"fnMap":{"0":{"name":"(anonymous_0)","decl":{"start":{"line":20,"column":17},"end":{"line":20,"column":18}},"loc":{"start":{"line":20,"column":34},"end":{"line":23,"column":1}},"line":20},"1":{"name":"(anonymous_1)","decl":{"start":{"line":30,"column":28},"end":{"line":30,"column":29}},"loc":{"start":{"line":30,"column":40},"end":{"line":75,"column":1}},"line":30}},"branchMap":{},"s":{"0":7,"1":7,"2":7,"3":7,"4":0,"5":7,"6":0,"7":0,"8":0,"9":0,"10":0,"11":0,"12":0,"13":0},"f":{"0":0,"1":0},"b":{},"_coverageSchema":"1a1c01bbd47fc00a2c39e90264f33305004495a9","hash":"bddf535b8cc0fece2ea5ab3c6ea94ac7136d1cdf"}
,"C:\\Users\\famil\\OneDrive\\Documentos\\Carpeta Diego\\Programacion Web - 202501\\proyecto_final\\proyecto_final\\backend\\src\\controllers\\authController.js": {"path":"C:\\Users\\famil\\OneDrive\\Documentos\\Carpeta Diego\\Programacion Web - 202501\\proyecto_final\\proyecto_final\\backend\\src\\controllers\\authController.js","statementMap":{"0":{"start":{"line":4,"column":24},"end":{"line":35,"column":1}},"1":{"start":{"line":5,"column":36},"end":{"line":5,"column":44}},"2":{"start":{"line":7,"column":2},"end":{"line":11,"column":3}},"3":{"start":{"line":8,"column":4},"end":{"line":10,"column":7}},"4":{"start":{"line":13,"column":2},"end":{"line":17,"column":3}},"5":{"start":{"line":14,"column":4},"end":{"line":16,"column":7}},"6":{"start":{"line":19,"column":2},"end":{"line":34,"column":3}},"7":{"start":{"line":20,"column":19},"end":{"line":20,"column":68}},"8":{"start":{"line":24,"column":4},"end":{"line":28,"column":7}},"9":{"start":{"line":30,"column":4},"end":{"line":30,"column":55}},"10":{"start":{"line":31,"column":19},"end":{"line":31,"column":38}},"11":{"start":{"line":32,"column":20},"end":{"line":32,"column":89}},"12":{"start":{"line":33,"column":4},"end":{"line":33,"column":55}},"13":{"start":{"line":37,"column":21},"end":{"line":62,"column":1}},"14":{"start":{"line":38,"column":30},"end":{"line":38,"column":38}},"15":{"start":{"line":40,"column":2},"end":{"line":44,"column":3}},"16":{"start":{"line":41,"column":4},"end":{"line":43,"column":7}},"17":{"start":{"line":46,"column":2},"end":{"line":61,"column":3}},"18":{"start":{"line":47,"column":19},"end":{"line":47,"column":59}},"19":{"start":{"line":49,"column":4},"end":{"line":49,"column":45}},"20":{"start":{"line":51,"column":4},"end":{"line":55,"column":7}},"21":{"start":{"line":57,"column":4},"end":{"line":57,"column":52}},"22":{"start":{"line":58,"column":19},"end":{"line":58,"column":38}},"23":{"start":{"line":59,"column":20},"end":{"line":59,"column":83}},"24":{"start":{"line":60,"column":4},"end":{"line":60,"column":55}}},"fnMap":{"0":{"name":"(anonymous_0)","decl":{"start":{"line":4,"column":24},"end":{"line":4,"column":25}},"loc":{"start":{"line":4,"column":44},"end":{"line":35,"column":1}},"line":4},"1":{"name":"(anonymous_1)","decl":{"start":{"line":37,"column":21},"end":{"line":37,"column":22}},"loc":{"start":{"line":37,"column":41},"end":{"line":62,"column":1}},"line":37}},"branchMap":{"0":{"loc":{"start":{"line":7,"column":2},"end":{"line":11,"column":3}},"type":"if","locations":[{"start":{"line":7,"column":2},"end":{"line":11,"column":3}},{"start":{},"end":{}}],"line":7},"1":{"loc":{"start":{"line":7,"column":6},"end":{"line":7,"column":34}},"type":"binary-expr","locations":[{"start":{"line":7,"column":6},"end":{"line":7,"column":11}},{"start":{"line":7,"column":15},"end":{"line":7,"column":21}},{"start":{"line":7,"column":25},"end":{"line":7,"column":34}}],"line":7},"2":{"loc":{"start":{"line":13,"column":2},"end":{"line":17,"column":3}},"type":"if","locations":[{"start":{"line":13,"column":2},"end":{"line":17,"column":3}},{"start":{},"end":{}}],"line":13},"3":{"loc":{"start":{"line":31,"column":19},"end":{"line":31,"column":38}},"type":"binary-expr","locations":[{"start":{"line":31,"column":19},"end":{"line":31,"column":31}},{"start":{"line":31,"column":35},"end":{"line":31,"column":38}}],"line":31},"4":{"loc":{"start":{"line":32,"column":20},"end":{"line":32,"column":89}},"type":"binary-expr","locations":[{"start":{"line":32,"column":20},"end":{"line":32,"column":33}},{"start":{"line":32,"column":37},"end":{"line":32,"column":89}}],"line":32},"5":{"loc":{"start":{"line":40,"column":2},"end":{"line":44,"column":3}},"type":"if","locations":[{"start":{"line":40,"column":2},"end":{"line":44,"column":3}},{"start":{},"end":{}}],"line":40},"6":{"loc":{"start":{"line":40,"column":6},"end":{"line":40,"column":25}},"type":"binary-expr","locations":[{"start":{"line":40,"column":6},"end":{"line":40,"column":12}},{"start":{"line":40,"column":16},"end":{"line":40,"column":25}}],"line":40},"7":{"loc":{"start":{"line":58,"column":19},"end":{"line":58,"column":38}},"type":"binary-expr","locations":[{"start":{"line":58,"column":19},"end":{"line":58,"column":31}},{"start":{"line":58,"column":35},"end":{"line":58,"column":38}}],"line":58},"8":{"loc":{"start":{"line":59,"column":20},"end":{"line":59,"column":83}},"type":"binary-expr","locations":[{"start":{"line":59,"column":20},"end":{"line":59,"column":33}},{"start":{"line":59,"column":37},"end":{"line":59,"column":83}}],"line":59}},"s":{"0":2,"1":1,"2":1,"3":0,"4":1,"5":0,"6":1,"7":1,"8":1,"9":0,"10":0,"11":0,"12":0,"13":2,"14":0,"15":0,"16":0,"17":0,"18":0,"19":0,"20":0,"21":0,"22":0,"23":0,"24":0},"f":{"0":1,"1":0},"b":{"0":[0,1],"1":[1,1,1],"2":[0,1],"3":[0,0],"4":[0,0],"5":[0,0],"6":[0,0],"7":[0,0],"8":[0,0]},"_coverageSchema":"1a1c01bbd47fc00a2c39e90264f33305004495a9","hash":"200e791194102faab06a8b8b99102f9405f55481"}
,"C:\\Users\\famil\\OneDrive\\Documentos\\Carpeta Diego\\Programacion Web - 202501\\proyecto_final\\proyecto_final\\backend\\src\\controllers\\categoryController.js": {"path":"C:\\Users\\famil\\OneDrive\\Documentos\\Carpeta Diego\\Programacion Web - 202501\\proyecto_final\\proyecto_final\\backend\\src\\controllers\\categoryController.js","statementMap":{"0":{"start":{"line":7,"column":29},"end":{"line":24,"column":1}},"1":{"start":{"line":8,"column":21},"end":{"line":8,"column":31}},"2":{"start":{"line":10,"column":13},"end":{"line":10,"column":33}},"3":{"start":{"line":11,"column":2},"end":{"line":13,"column":3}},"4":{"start":{"line":12,"column":4},"end":{"line":12,"column":69}},"5":{"start":{"line":15,"column":2},"end":{"line":23,"column":3}},"6":{"start":{"line":16,"column":23},"end":{"line":16,"column":72}},"7":{"start":{"line":17,"column":4},"end":{"line":17,"column":48}},"8":{"start":{"line":19,"column":4},"end":{"line":19,"column":88}},"9":{"start":{"line":20,"column":19},"end":{"line":20,"column":38}},"10":{"start":{"line":21,"column":20},"end":{"line":21,"column":66}},"11":{"start":{"line":22,"column":4},"end":{"line":22,"column":55}},"12":{"start":{"line":30,"column":30},"end":{"line":64,"column":1}},"13":{"start":{"line":31,"column":33},"end":{"line":31,"column":41}},"14":{"start":{"line":35,"column":2},"end":{"line":38,"column":3}},"15":{"start":{"line":36,"column":4},"end":{"line":36,"column":50}},"16":{"start":{"line":37,"column":4},"end":{"line":37,"column":80}},"17":{"start":{"line":40,"column":2},"end":{"line":43,"column":3}},"18":{"start":{"line":41,"column":4},"end":{"line":41,"column":57}},"19":{"start":{"line":42,"column":4},"end":{"line":42,"column":73}},"20":{"start":{"line":45,"column":13},"end":{"line":45,"column":33}},"21":{"start":{"line":46,"column":2},"end":{"line":49,"column":3}},"22":{"start":{"line":47,"column":4},"end":{"line":47,"column":55}},"23":{"start":{"line":48,"column":4},"end":{"line":48,"column":69}},"24":{"start":{"line":51,"column":2},"end":{"line":63,"column":3}},"25":{"start":{"line":52,"column":21},"end":{"line":52,"column":65}},"26":{"start":{"line":54,"column":4},"end":{"line":57,"column":7}},"27":{"start":{"line":59,"column":4},"end":{"line":59,"column":82}},"28":{"start":{"line":60,"column":19},"end":{"line":60,"column":38}},"29":{"start":{"line":61,"column":20},"end":{"line":61,"column":63}},"30":{"start":{"line":62,"column":4},"end":{"line":62,"column":55}},"31":{"start":{"line":70,"column":30},"end":{"line":92,"column":1}},"32":{"start":{"line":71,"column":25},"end":{"line":71,"column":35}},"33":{"start":{"line":72,"column":21},"end":{"line":72,"column":29}},"34":{"start":{"line":74,"column":2},"end":{"line":76,"column":3}},"35":{"start":{"line":75,"column":4},"end":{"line":75,"column":71}},"36":{"start":{"line":78,"column":14},"end":{"line":78,"column":34}},"37":{"start":{"line":79,"column":2},"end":{"line":81,"column":3}},"38":{"start":{"line":80,"column":4},"end":{"line":80,"column":69}},"39":{"start":{"line":83,"column":2},"end":{"line":91,"column":3}},"40":{"start":{"line":84,"column":19},"end":{"line":84,"column":78}},"41":{"start":{"line":85,"column":4},"end":{"line":85,"column":40}},"42":{"start":{"line":87,"column":4},"end":{"line":87,"column":76}},"43":{"start":{"line":88,"column":19},"end":{"line":88,"column":38}},"44":{"start":{"line":89,"column":20},"end":{"line":89,"column":66}},"45":{"start":{"line":90,"column":4},"end":{"line":90,"column":55}}},"fnMap":{"0":{"name":"(anonymous_0)","decl":{"start":{"line":7,"column":29},"end":{"line":7,"column":30}},"loc":{"start":{"line":7,"column":49},"end":{"line":24,"column":1}},"line":7},"1":{"name":"(anonymous_1)","decl":{"start":{"line":30,"column":30},"end":{"line":30,"column":31}},"loc":{"start":{"line":30,"column":50},"end":{"line":64,"column":1}},"line":30},"2":{"name":"(anonymous_2)","decl":{"start":{"line":70,"column":30},"end":{"line":70,"column":31}},"loc":{"start":{"line":70,"column":50},"end":{"line":92,"column":1}},"line":70}},"branchMap":{"0":{"loc":{"start":{"line":11,"column":2},"end":{"line":13,"column":3}},"type":"if","locations":[{"start":{"line":11,"column":2},"end":{"line":13,"column":3}},{"start":{},"end":{}}],"line":11},"1":{"loc":{"start":{"line":11,"column":6},"end":{"line":11,"column":29}},"type":"binary-expr","locations":[{"start":{"line":11,"column":6},"end":{"line":11,"column":9}},{"start":{"line":11,"column":13},"end":{"line":11,"column":29}}],"line":11},"2":{"loc":{"start":{"line":19,"column":64},"end":{"line":19,"column":86}},"type":"binary-expr","locations":[{"start":{"line":19,"column":64},"end":{"line":19,"column":77}},{"start":{"line":19,"column":81},"end":{"line":19,"column":86}}],"line":19},"3":{"loc":{"start":{"line":20,"column":19},"end":{"line":20,"column":38}},"type":"binary-expr","locations":[{"start":{"line":20,"column":19},"end":{"line":20,"column":31}},{"start":{"line":20,"column":35},"end":{"line":20,"column":38}}],"line":20},"4":{"loc":{"start":{"line":21,"column":20},"end":{"line":21,"column":66}},"type":"binary-expr","locations":[{"start":{"line":21,"column":20},"end":{"line":21,"column":33}},{"start":{"line":21,"column":37},"end":{"line":21,"column":66}}],"line":21},"5":{"loc":{"start":{"line":35,"column":2},"end":{"line":38,"column":3}},"type":"if","locations":[{"start":{"line":35,"column":2},"end":{"line":38,"column":3}},{"start":{},"end":{}}],"line":35},"6":{"loc":{"start":{"line":35,"column":6},"end":{"line":35,"column":31}},"type":"binary-expr","locations":[{"start":{"line":35,"column":6},"end":{"line":35,"column":13}},{"start":{"line":35,"column":17},"end":{"line":35,"column":22}},{"start":{"line":35,"column":26},"end":{"line":35,"column":31}}],"line":35},"7":{"loc":{"start":{"line":40,"column":2},"end":{"line":43,"column":3}},"type":"if","locations":[{"start":{"line":40,"column":2},"end":{"line":43,"column":3}},{"start":{},"end":{}}],"line":40},"8":{"loc":{"start":{"line":46,"column":2},"end":{"line":49,"column":3}},"type":"if","locations":[{"start":{"line":46,"column":2},"end":{"line":49,"column":3}},{"start":{},"end":{}}],"line":46},"9":{"loc":{"start":{"line":46,"column":6},"end":{"line":46,"column":29}},"type":"binary-expr","locations":[{"start":{"line":46,"column":6},"end":{"line":46,"column":9}},{"start":{"line":46,"column":13},"end":{"line":46,"column":29}}],"line":46},"10":{"loc":{"start":{"line":59,"column":58},"end":{"line":59,"column":80}},"type":"binary-expr","locations":[{"start":{"line":59,"column":58},"end":{"line":59,"column":71}},{"start":{"line":59,"column":75},"end":{"line":59,"column":80}}],"line":59},"11":{"loc":{"start":{"line":60,"column":19},"end":{"line":60,"column":38}},"type":"binary-expr","locations":[{"start":{"line":60,"column":19},"end":{"line":60,"column":31}},{"start":{"line":60,"column":35},"end":{"line":60,"column":38}}],"line":60},"12":{"loc":{"start":{"line":61,"column":20},"end":{"line":61,"column":63}},"type":"binary-expr","locations":[{"start":{"line":61,"column":20},"end":{"line":61,"column":33}},{"start":{"line":61,"column":37},"end":{"line":61,"column":63}}],"line":61},"13":{"loc":{"start":{"line":74,"column":2},"end":{"line":76,"column":3}},"type":"if","locations":[{"start":{"line":74,"column":2},"end":{"line":76,"column":3}},{"start":{},"end":{}}],"line":74},"14":{"loc":{"start":{"line":74,"column":6},"end":{"line":74,"column":52}},"type":"binary-expr","locations":[{"start":{"line":74,"column":6},"end":{"line":74,"column":17}},{"start":{"line":74,"column":21},"end":{"line":74,"column":52}}],"line":74},"15":{"loc":{"start":{"line":79,"column":2},"end":{"line":81,"column":3}},"type":"if","locations":[{"start":{"line":79,"column":2},"end":{"line":81,"column":3}},{"start":{},"end":{}}],"line":79},"16":{"loc":{"start":{"line":79,"column":6},"end":{"line":79,"column":31}},"type":"binary-expr","locations":[{"start":{"line":79,"column":6},"end":{"line":79,"column":10}},{"start":{"line":79,"column":14},"end":{"line":79,"column":31}}],"line":79},"17":{"loc":{"start":{"line":87,"column":52},"end":{"line":87,"column":74}},"type":"binary-expr","locations":[{"start":{"line":87,"column":52},"end":{"line":87,"column":65}},{"start":{"line":87,"column":69},"end":{"line":87,"column":74}}],"line":87},"18":{"loc":{"start":{"line":88,"column":19},"end":{"line":88,"column":38}},"type":"binary-expr","locations":[{"start":{"line":88,"column":19},"end":{"line":88,"column":31}},{"start":{"line":88,"column":35},"end":{"line":88,"column":38}}],"line":88},"19":{"loc":{"start":{"line":89,"column":20},"end":{"line":89,"column":66}},"type":"binary-expr","locations":[{"start":{"line":89,"column":20},"end":{"line":89,"column":33}},{"start":{"line":89,"column":37},"end":{"line":89,"column":66}}],"line":89}},"s":{"0":2,"1":1,"2":1,"3":1,"4":0,"5":1,"6":1,"7":1,"8":0,"9":0,"10":0,"11":0,"12":2,"13":1,"14":1,"15":0,"16":0,"17":1,"18":0,"19":0,"20":1,"21":1,"22":0,"23":0,"24":1,"25":1,"26":1,"27":0,"28":0,"29":0,"30":0,"31":2,"32":0,"33":0,"34":0,"35":0,"36":0,"37":0,"38":0,"39":0,"40":0,"41":0,"42":0,"43":0,"44":0,"45":0},"f":{"0":1,"1":1,"2":0},"b":{"0":[0,1],"1":[1,1],"2":[0,0],"3":[0,0],"4":[0,0],"5":[0,1],"6":[1,1,1],"7":[0,1],"8":[0,1],"9":[1,1],"10":[0,0],"11":[0,0],"12":[0,0],"13":[0,0],"14":[0,0],"15":[0,0],"16":[0,0],"17":[0,0],"18":[0,0],"19":[0,0]},"_coverageSchema":"1a1c01bbd47fc00a2c39e90264f33305004495a9","hash":"7d86ffd865578414f829fba8886d39e053a8cc65"}
,"C:\\Users\\famil\\OneDrive\\Documentos\\Carpeta Diego\\Programacion Web - 202501\\proyecto_final\\proyecto_final\\backend\\src\\controllers\\transactionController.js": {"path":"C:\\Users\\famil\\OneDrive\\Documentos\\Carpeta Diego\\Programacion Web - 202501\\proyecto_final\\proyecto_final\\backend\\src\\controllers\\transactionController.js","statementMap":{"0":{"start":{"line":9,"column":28},"end":{"line":41,"column":1}},"1":{"start":{"line":10,"column":21},"end":{"line":10,"column":31}},"2":{"start":{"line":12,"column":2},"end":{"line":14,"column":3}},"3":{"start":{"line":13,"column":4},"end":{"line":13,"column":69}},"4":{"start":{"line":16,"column":2},"end":{"line":40,"column":3}},"5":{"start":{"line":17,"column":25},"end":{"line":17,"column":45}},"6":{"start":{"line":20,"column":43},"end":{"line":23,"column":6}},"7":{"start":{"line":26,"column":4},"end":{"line":34,"column":7}},"8":{"start":{"line":36,"column":4},"end":{"line":36,"column":64}},"9":{"start":{"line":37,"column":19},"end":{"line":37,"column":38}},"10":{"start":{"line":38,"column":20},"end":{"line":38,"column":74}},"11":{"start":{"line":39,"column":4},"end":{"line":39,"column":55}},"12":{"start":{"line":47,"column":27},"end":{"line":67,"column":1}},"13":{"start":{"line":48,"column":21},"end":{"line":48,"column":31}},"14":{"start":{"line":49,"column":28},"end":{"line":49,"column":37}},"15":{"start":{"line":51,"column":2},"end":{"line":53,"column":3}},"16":{"start":{"line":52,"column":4},"end":{"line":52,"column":69}},"17":{"start":{"line":55,"column":2},"end":{"line":55,"column":82}},"18":{"start":{"line":57,"column":2},"end":{"line":66,"column":3}},"19":{"start":{"line":58,"column":17},"end":{"line":58,"column":82}},"20":{"start":{"line":59,"column":4},"end":{"line":59,"column":115}},"21":{"start":{"line":60,"column":4},"end":{"line":60,"column":38}},"22":{"start":{"line":62,"column":4},"end":{"line":62,"column":63}},"23":{"start":{"line":63,"column":19},"end":{"line":63,"column":38}},"24":{"start":{"line":64,"column":20},"end":{"line":64,"column":73}},"25":{"start":{"line":65,"column":4},"end":{"line":65,"column":55}},"26":{"start":{"line":73,"column":30},"end":{"line":103,"column":1}},"27":{"start":{"line":74,"column":60},"end":{"line":74,"column":68}},"28":{"start":{"line":76,"column":2},"end":{"line":78,"column":3}},"29":{"start":{"line":77,"column":4},"end":{"line":77,"column":80}},"30":{"start":{"line":80,"column":2},"end":{"line":82,"column":3}},"31":{"start":{"line":81,"column":4},"end":{"line":81,"column":74}},"32":{"start":{"line":84,"column":2},"end":{"line":102,"column":3}},"33":{"start":{"line":85,"column":21},"end":{"line":91,"column":5}},"34":{"start":{"line":93,"column":4},"end":{"line":96,"column":7}},"35":{"start":{"line":98,"column":4},"end":{"line":98,"column":63}},"36":{"start":{"line":99,"column":19},"end":{"line":99,"column":38}},"37":{"start":{"line":100,"column":20},"end":{"line":100,"column":64}},"38":{"start":{"line":101,"column":4},"end":{"line":101,"column":55}},"39":{"start":{"line":109,"column":28},"end":{"line":125,"column":1}},"40":{"start":{"line":110,"column":21},"end":{"line":110,"column":31}},"41":{"start":{"line":112,"column":2},"end":{"line":114,"column":3}},"42":{"start":{"line":113,"column":4},"end":{"line":113,"column":69}},"43":{"start":{"line":116,"column":2},"end":{"line":124,"column":3}},"44":{"start":{"line":117,"column":22},"end":{"line":117,"column":84}},"45":{"start":{"line":118,"column":4},"end":{"line":118,"column":47}},"46":{"start":{"line":120,"column":4},"end":{"line":120,"column":66}},"47":{"start":{"line":121,"column":19},"end":{"line":121,"column":38}},"48":{"start":{"line":122,"column":20},"end":{"line":122,"column":67}},"49":{"start":{"line":123,"column":4},"end":{"line":123,"column":55}},"50":{"start":{"line":131,"column":30},"end":{"line":155,"column":1}},"51":{"start":{"line":132,"column":25},"end":{"line":132,"column":35}},"52":{"start":{"line":133,"column":21},"end":{"line":133,"column":29}},"53":{"start":{"line":135,"column":2},"end":{"line":137,"column":3}},"54":{"start":{"line":136,"column":4},"end":{"line":136,"column":72}},"55":{"start":{"line":139,"column":2},"end":{"line":141,"column":3}},"56":{"start":{"line":140,"column":4},"end":{"line":140,"column":69}},"57":{"start":{"line":143,"column":2},"end":{"line":154,"column":3}},"58":{"start":{"line":144,"column":19},"end":{"line":147,"column":5}},"59":{"start":{"line":148,"column":4},"end":{"line":148,"column":40}},"60":{"start":{"line":150,"column":4},"end":{"line":150,"column":66}},"61":{"start":{"line":151,"column":19},"end":{"line":151,"column":38}},"62":{"start":{"line":152,"column":20},"end":{"line":152,"column":67}},"63":{"start":{"line":153,"column":4},"end":{"line":153,"column":55}}},"fnMap":{"0":{"name":"(anonymous_0)","decl":{"start":{"line":9,"column":28},"end":{"line":9,"column":29}},"loc":{"start":{"line":9,"column":48},"end":{"line":41,"column":1}},"line":9},"1":{"name":"(anonymous_1)","decl":{"start":{"line":47,"column":27},"end":{"line":47,"column":28}},"loc":{"start":{"line":47,"column":47},"end":{"line":67,"column":1}},"line":47},"2":{"name":"(anonymous_2)","decl":{"start":{"line":73,"column":30},"end":{"line":73,"column":31}},"loc":{"start":{"line":73,"column":50},"end":{"line":103,"column":1}},"line":73},"3":{"name":"(anonymous_3)","decl":{"start":{"line":109,"column":28},"end":{"line":109,"column":29}},"loc":{"start":{"line":109,"column":48},"end":{"line":125,"column":1}},"line":109},"4":{"name":"(anonymous_4)","decl":{"start":{"line":131,"column":30},"end":{"line":131,"column":31}},"loc":{"start":{"line":131,"column":50},"end":{"line":155,"column":1}},"line":131}},"branchMap":{"0":{"loc":{"start":{"line":12,"column":2},"end":{"line":14,"column":3}},"type":"if","locations":[{"start":{"line":12,"column":2},"end":{"line":14,"column":3}},{"start":{},"end":{}}],"line":12},"1":{"loc":{"start":{"line":12,"column":6},"end":{"line":12,"column":44}},"type":"binary-expr","locations":[{"start":{"line":12,"column":6},"end":{"line":12,"column":13}},{"start":{"line":12,"column":17},"end":{"line":12,"column":44}}],"line":12},"2":{"loc":{"start":{"line":28,"column":17},"end":{"line":28,"column":46}},"type":"binary-expr","locations":[{"start":{"line":28,"column":17},"end":{"line":28,"column":41}},{"start":{"line":28,"column":45},"end":{"line":28,"column":46}}],"line":28},"3":{"loc":{"start":{"line":29,"column":16},"end":{"line":29,"column":49}},"type":"binary-expr","locations":[{"start":{"line":29,"column":16},"end":{"line":29,"column":44}},{"start":{"line":29,"column":48},"end":{"line":29,"column":49}}],"line":29},"4":{"loc":{"start":{"line":30,"column":18},"end":{"line":30,"column":53}},"type":"binary-expr","locations":[{"start":{"line":30,"column":18},"end":{"line":30,"column":48}},{"start":{"line":30,"column":52},"end":{"line":30,"column":53}}],"line":30},"5":{"loc":{"start":{"line":31,"column":28},"end":{"line":31,"column":69}},"type":"binary-expr","locations":[{"start":{"line":31,"column":28},"end":{"line":31,"column":63}},{"start":{"line":31,"column":67},"end":{"line":31,"column":69}}],"line":31},"6":{"loc":{"start":{"line":33,"column":18},"end":{"line":33,"column":34}},"type":"binary-expr","locations":[{"start":{"line":33,"column":18},"end":{"line":33,"column":28}},{"start":{"line":33,"column":32},"end":{"line":33,"column":34}}],"line":33},"7":{"loc":{"start":{"line":37,"column":19},"end":{"line":37,"column":38}},"type":"binary-expr","locations":[{"start":{"line":37,"column":19},"end":{"line":37,"column":31}},{"start":{"line":37,"column":35},"end":{"line":37,"column":38}}],"line":37},"8":{"loc":{"start":{"line":38,"column":20},"end":{"line":38,"column":74}},"type":"binary-expr","locations":[{"start":{"line":38,"column":20},"end":{"line":38,"column":33}},{"start":{"line":38,"column":37},"end":{"line":38,"column":74}}],"line":38},"9":{"loc":{"start":{"line":49,"column":10},"end":{"line":49,"column":23}},"type":"default-arg","locations":[{"start":{"line":49,"column":18},"end":{"line":49,"column":23}}],"line":49},"10":{"loc":{"start":{"line":51,"column":2},"end":{"line":53,"column":3}},"type":"if","locations":[{"start":{"line":51,"column":2},"end":{"line":53,"column":3}},{"start":{},"end":{}}],"line":51},"11":{"loc":{"start":{"line":51,"column":6},"end":{"line":51,"column":44}},"type":"binary-expr","locations":[{"start":{"line":51,"column":6},"end":{"line":51,"column":13}},{"start":{"line":51,"column":17},"end":{"line":51,"column":44}}],"line":51},"12":{"loc":{"start":{"line":63,"column":19},"end":{"line":63,"column":38}},"type":"binary-expr","locations":[{"start":{"line":63,"column":19},"end":{"line":63,"column":31}},{"start":{"line":63,"column":35},"end":{"line":63,"column":38}}],"line":63},"13":{"loc":{"start":{"line":64,"column":20},"end":{"line":64,"column":73}},"type":"binary-expr","locations":[{"start":{"line":64,"column":20},"end":{"line":64,"column":33}},{"start":{"line":64,"column":37},"end":{"line":64,"column":73}}],"line":64},"14":{"loc":{"start":{"line":76,"column":2},"end":{"line":78,"column":3}},"type":"if","locations":[{"start":{"line":76,"column":2},"end":{"line":78,"column":3}},{"start":{},"end":{}}],"line":76},"15":{"loc":{"start":{"line":76,"column":6},"end":{"line":76,"column":64}},"type":"binary-expr","locations":[{"start":{"line":76,"column":6},"end":{"line":76,"column":13}},{"start":{"line":76,"column":17},"end":{"line":76,"column":29}},{"start":{"line":76,"column":33},"end":{"line":76,"column":40}},{"start":{"line":76,"column":44},"end":{"line":76,"column":55}},{"start":{"line":76,"column":59},"end":{"line":76,"column":64}}],"line":76},"16":{"loc":{"start":{"line":80,"column":2},"end":{"line":82,"column":3}},"type":"if","locations":[{"start":{"line":80,"column":2},"end":{"line":82,"column":3}},{"start":{},"end":{}}],"line":80},"17":{"loc":{"start":{"line":99,"column":19},"end":{"line":99,"column":38}},"type":"binary-expr","locations":[{"start":{"line":99,"column":19},"end":{"line":99,"column":31}},{"start":{"line":99,"column":35},"end":{"line":99,"column":38}}],"line":99},"18":{"loc":{"start":{"line":100,"column":20},"end":{"line":100,"column":64}},"type":"binary-expr","locations":[{"start":{"line":100,"column":20},"end":{"line":100,"column":33}},{"start":{"line":100,"column":37},"end":{"line":100,"column":64}}],"line":100},"19":{"loc":{"start":{"line":112,"column":2},"end":{"line":114,"column":3}},"type":"if","locations":[{"start":{"line":112,"column":2},"end":{"line":114,"column":3}},{"start":{},"end":{}}],"line":112},"20":{"loc":{"start":{"line":112,"column":6},"end":{"line":112,"column":44}},"type":"binary-expr","locations":[{"start":{"line":112,"column":6},"end":{"line":112,"column":13}},{"start":{"line":112,"column":17},"end":{"line":112,"column":44}}],"line":112},"21":{"loc":{"start":{"line":121,"column":19},"end":{"line":121,"column":38}},"type":"binary-expr","locations":[{"start":{"line":121,"column":19},"end":{"line":121,"column":31}},{"start":{"line":121,"column":35},"end":{"line":121,"column":38}}],"line":121},"22":{"loc":{"start":{"line":122,"column":20},"end":{"line":122,"column":67}},"type":"binary-expr","locations":[{"start":{"line":122,"column":20},"end":{"line":122,"column":33}},{"start":{"line":122,"column":37},"end":{"line":122,"column":67}}],"line":122},"23":{"loc":{"start":{"line":135,"column":2},"end":{"line":137,"column":3}},"type":"if","locations":[{"start":{"line":135,"column":2},"end":{"line":137,"column":3}},{"start":{},"end":{}}],"line":135},"24":{"loc":{"start":{"line":135,"column":6},"end":{"line":135,"column":52}},"type":"binary-expr","locations":[{"start":{"line":135,"column":6},"end":{"line":135,"column":17}},{"start":{"line":135,"column":21},"end":{"line":135,"column":52}}],"line":135},"25":{"loc":{"start":{"line":139,"column":2},"end":{"line":141,"column":3}},"type":"if","locations":[{"start":{"line":139,"column":2},"end":{"line":141,"column":3}},{"start":{},"end":{}}],"line":139},"26":{"loc":{"start":{"line":139,"column":6},"end":{"line":139,"column":44}},"type":"binary-expr","locations":[{"start":{"line":139,"column":6},"end":{"line":139,"column":13}},{"start":{"line":139,"column":17},"end":{"line":139,"column":44}}],"line":139},"27":{"loc":{"start":{"line":151,"column":19},"end":{"line":151,"column":38}},"type":"binary-expr","locations":[{"start":{"line":151,"column":19},"end":{"line":151,"column":31}},{"start":{"line":151,"column":35},"end":{"line":151,"column":38}}],"line":151},"28":{"loc":{"start":{"line":152,"column":20},"end":{"line":152,"column":67}},"type":"binary-expr","locations":[{"start":{"line":152,"column":20},"end":{"line":152,"column":33}},{"start":{"line":152,"column":37},"end":{"line":152,"column":67}}],"line":152}},"s":{"0":2,"1":0,"2":0,"3":0,"4":0,"5":0,"6":0,"7":0,"8":0,"9":0,"10":0,"11":0,"12":2,"13":0,"14":0,"15":0,"16":0,"17":0,"18":0,"19":0,"20":0,"21":0,"22":0,"23":0,"24":0,"25":0,"26":2,"27":1,"28":1,"29":0,"30":1,"31":0,"32":1,"33":1,"34":1,"35":0,"36":0,"37":0,"38":0,"39":2,"40":1,"41":1,"42":0,"43":1,"44":1,"45":1,"46":0,"47":0,"48":0,"49":0,"50":2,"51":0,"52":0,"53":0,"54":0,"55":0,"56":0,"57":0,"58":0,"59":0,"60":0,"61":0,"62":0,"63":0},"f":{"0":0,"1":0,"2":1,"3":1,"4":0},"b":{"0":[0,0],"1":[0,0],"2":[0,0],"3":[0,0],"4":[0,0],"5":[0,0],"6":[0,0],"7":[0,0],"8":[0,0],"9":[0],"10":[0,0],"11":[0,0],"12":[0,0],"13":[0,0],"14":[0,1],"15":[1,1,1,1,1],"16":[0,1],"17":[0,0],"18":[0,0],"19":[0,1],"20":[1,1],"21":[0,0],"22":[0,0],"23":[0,0],"24":[0,0],"25":[0,0],"26":[0,0],"27":[0,0],"28":[0,0]},"_coverageSchema":"1a1c01bbd47fc00a2c39e90264f33305004495a9","hash":"6cbe58dc12a923df8c5718c79d475a4f353b8e8f"}
,"C:\\Users\\famil\\OneDrive\\Documentos\\Carpeta Diego\\Programacion Web - 202501\\proyecto_final\\proyecto_final\\backend\\src\\db\\categoryRepository.js": {"path":"C:\\Users\\famil\\OneDrive\\Documentos\\Carpeta Diego\\Programacion Web - 202501\\proyecto_final\\proyecto_final\\backend\\src\\db\\categoryRepository.js","statementMap":{"0":{"start":{"line":12,"column":38},"end":{"line":21,"column":1}},"1":{"start":{"line":13,"column":18},"end":{"line":13,"column":115}},"2":{"start":{"line":14,"column":4},"end":{"line":20,"column":5}},"3":{"start":{"line":15,"column":23},"end":{"line":15,"column":56}},"4":{"start":{"line":16,"column":8},"end":{"line":16,"column":27}},"5":{"start":{"line":18,"column":8},"end":{"line":18,"column":65}},"6":{"start":{"line":19,"column":8},"end":{"line":19,"column":72}},"7":{"start":{"line":30,"column":30},"end":{"line":49,"column":1}},"8":{"start":{"line":31,"column":18},"end":{"line":35,"column":5}},"9":{"start":{"line":36,"column":4},"end":{"line":48,"column":5}},"10":{"start":{"line":37,"column":23},"end":{"line":37,"column":68}},"11":{"start":{"line":38,"column":8},"end":{"line":38,"column":30}},"12":{"start":{"line":41,"column":8},"end":{"line":45,"column":9}},"13":{"start":{"line":42,"column":32},"end":{"line":42,"column":102}},"14":{"start":{"line":43,"column":12},"end":{"line":43,"column":37}},"15":{"start":{"line":44,"column":12},"end":{"line":44,"column":30}},"16":{"start":{"line":46,"column":8},"end":{"line":46,"column":57}},"17":{"start":{"line":47,"column":8},"end":{"line":47,"column":70}},"18":{"start":{"line":59,"column":30},"end":{"line":74,"column":1}},"19":{"start":{"line":60,"column":18},"end":{"line":60,"column":73}},"20":{"start":{"line":61,"column":4},"end":{"line":73,"column":5}},"21":{"start":{"line":62,"column":23},"end":{"line":62,"column":68}},"22":{"start":{"line":63,"column":8},"end":{"line":63,"column":35}},"23":{"start":{"line":66,"column":8},"end":{"line":70,"column":9}},"24":{"start":{"line":67,"column":36},"end":{"line":67,"column":120}},"25":{"start":{"line":68,"column":12},"end":{"line":68,"column":41}},"26":{"start":{"line":69,"column":12},"end":{"line":69,"column":34}},"27":{"start":{"line":71,"column":8},"end":{"line":71,"column":57}},"28":{"start":{"line":72,"column":8},"end":{"line":72,"column":82}},"29":{"start":{"line":82,"column":41},"end":{"line":91,"column":1}},"30":{"start":{"line":83,"column":18},"end":{"line":83,"column":77}},"31":{"start":{"line":84,"column":4},"end":{"line":90,"column":5}},"32":{"start":{"line":85,"column":23},"end":{"line":85,"column":60}},"33":{"start":{"line":86,"column":8},"end":{"line":86,"column":35}},"34":{"start":{"line":88,"column":8},"end":{"line":88,"column":68}},"35":{"start":{"line":89,"column":8},"end":{"line":89,"column":78}}},"fnMap":{"0":{"name":"(anonymous_0)","decl":{"start":{"line":12,"column":38},"end":{"line":12,"column":39}},"loc":{"start":{"line":12,"column":56},"end":{"line":21,"column":1}},"line":12},"1":{"name":"(anonymous_1)","decl":{"start":{"line":30,"column":30},"end":{"line":30,"column":31}},"loc":{"start":{"line":30,"column":60},"end":{"line":49,"column":1}},"line":30},"2":{"name":"(anonymous_2)","decl":{"start":{"line":59,"column":30},"end":{"line":59,"column":31}},"loc":{"start":{"line":59,"column":60},"end":{"line":74,"column":1}},"line":59},"3":{"name":"(anonymous_3)","decl":{"start":{"line":82,"column":41},"end":{"line":82,"column":42}},"loc":{"start":{"line":82,"column":63},"end":{"line":91,"column":1}},"line":82}},"branchMap":{"0":{"loc":{"start":{"line":41,"column":8},"end":{"line":45,"column":9}},"type":"if","locations":[{"start":{"line":41,"column":8},"end":{"line":45,"column":9}},{"start":{},"end":{}}],"line":41},"1":{"loc":{"start":{"line":66,"column":8},"end":{"line":70,"column":9}},"type":"if","locations":[{"start":{"line":66,"column":8},"end":{"line":70,"column":9}},{"start":{},"end":{}}],"line":66}},"s":{"0":3,"1":1,"2":1,"3":1,"4":1,"5":0,"6":0,"7":3,"8":1,"9":1,"10":1,"11":1,"12":0,"13":0,"14":0,"15":0,"16":0,"17":0,"18":3,"19":0,"20":0,"21":0,"22":0,"23":0,"24":0,"25":0,"26":0,"27":0,"28":0,"29":3,"30":0,"31":0,"32":0,"33":0,"34":0,"35":0},"f":{"0":1,"1":1,"2":0,"3":0},"b":{"0":[0,0],"1":[0,0]},"_coverageSchema":"1a1c01bbd47fc00a2c39e90264f33305004495a9","hash":"d6cb855f66b582c9b2aec3aa087526eb34ad79c0"}
,"C:\\Users\\famil\\OneDrive\\Documentos\\Carpeta Diego\\Programacion Web - 202501\\proyecto_final\\proyecto_final\\backend\\src\\db\\transactionRepository.js": {"path":"C:\\Users\\famil\\OneDrive\\Documentos\\Carpeta Diego\\Programacion Web - 202501\\proyecto_final\\proyecto_final\\backend\\src\\db\\transactionRepository.js","statementMap":{"0":{"start":{"line":11,"column":35},"end":{"line":84,"column":1}},"1":{"start":{"line":12,"column":17},"end":{"line":12,"column":37}},"2":{"start":{"line":13,"column":2},"end":{"line":83,"column":3}},"3":{"start":{"line":14,"column":23},"end":{"line":20,"column":5}},"4":{"start":{"line":22,"column":34},"end":{"line":35,"column":5}},"5":{"start":{"line":37,"column":24},"end":{"line":37,"column":32}},"6":{"start":{"line":38,"column":23},"end":{"line":38,"column":24}},"7":{"start":{"line":40,"column":4},"end":{"line":45,"column":5}},"8":{"start":{"line":41,"column":6},"end":{"line":41,"column":56}},"9":{"start":{"line":42,"column":6},"end":{"line":42,"column":67}},"10":{"start":{"line":43,"column":6},"end":{"line":43,"column":34}},"11":{"start":{"line":44,"column":6},"end":{"line":44,"column":21}},"12":{"start":{"line":47,"column":4},"end":{"line":51,"column":5}},"13":{"start":{"line":48,"column":6},"end":{"line":48,"column":56}},"14":{"start":{"line":49,"column":6},"end":{"line":49,"column":67}},"15":{"start":{"line":50,"column":6},"end":{"line":50,"column":32}},"16":{"start":{"line":53,"column":4},"end":{"line":53,"column":83}},"17":{"start":{"line":55,"column":48},"end":{"line":58,"column":6}},"18":{"start":{"line":60,"column":20},"end":{"line":60,"column":41}},"19":{"start":{"line":61,"column":20},"end":{"line":61,"column":89}},"20":{"start":{"line":63,"column":4},"end":{"line":77,"column":6}},"21":{"start":{"line":67,"column":60},"end":{"line":76,"column":7}},"22":{"start":{"line":79,"column":4},"end":{"line":79,"column":58}},"23":{"start":{"line":80,"column":4},"end":{"line":80,"column":16}},"24":{"start":{"line":82,"column":4},"end":{"line":82,"column":21}},"25":{"start":{"line":96,"column":33},"end":{"line":110,"column":1}},"26":{"start":{"line":97,"column":16},"end":{"line":101,"column":3}},"27":{"start":{"line":103,"column":2},"end":{"line":109,"column":3}},"28":{"start":{"line":104,"column":19},"end":{"line":104,"column":97}},"29":{"start":{"line":105,"column":4},"end":{"line":105,"column":26}},"30":{"start":{"line":107,"column":4},"end":{"line":107,"column":56}},"31":{"start":{"line":108,"column":4},"end":{"line":108,"column":16}},"32":{"start":{"line":117,"column":40},"end":{"line":142,"column":1}},"33":{"start":{"line":118,"column":16},"end":{"line":133,"column":3}},"34":{"start":{"line":135,"column":2},"end":{"line":141,"column":3}},"35":{"start":{"line":136,"column":19},"end":{"line":136,"column":52}},"36":{"start":{"line":137,"column":4},"end":{"line":137,"column":23}},"37":{"start":{"line":139,"column":4},"end":{"line":139,"column":63}},"38":{"start":{"line":140,"column":4},"end":{"line":140,"column":16}},"39":{"start":{"line":150,"column":33},"end":{"line":164,"column":1}},"40":{"start":{"line":151,"column":16},"end":{"line":155,"column":3}},"41":{"start":{"line":157,"column":2},"end":{"line":163,"column":3}},"42":{"start":{"line":158,"column":19},"end":{"line":158,"column":67}},"43":{"start":{"line":159,"column":4},"end":{"line":159,"column":31}},"44":{"start":{"line":161,"column":4},"end":{"line":161,"column":56}},"45":{"start":{"line":162,"column":4},"end":{"line":162,"column":16}},"46":{"start":{"line":173,"column":37},"end":{"line":209,"column":1}},"47":{"start":{"line":174,"column":14},"end":{"line":183,"column":3}},"48":{"start":{"line":185,"column":22},"end":{"line":185,"column":30}},"49":{"start":{"line":186,"column":21},"end":{"line":186,"column":22}},"50":{"start":{"line":188,"column":2},"end":{"line":192,"column":3}},"51":{"start":{"line":189,"column":4},"end":{"line":189,"column":47}},"52":{"start":{"line":190,"column":4},"end":{"line":190,"column":32}},"53":{"start":{"line":191,"column":4},"end":{"line":191,"column":19}},"54":{"start":{"line":194,"column":2},"end":{"line":198,"column":3}},"55":{"start":{"line":195,"column":4},"end":{"line":195,"column":47}},"56":{"start":{"line":196,"column":4},"end":{"line":196,"column":30}},"57":{"start":{"line":197,"column":4},"end":{"line":197,"column":19}},"58":{"start":{"line":200,"column":2},"end":{"line":200,"column":56}},"59":{"start":{"line":202,"column":2},"end":{"line":208,"column":3}},"60":{"start":{"line":203,"column":19},"end":{"line":203,"column":55}},"61":{"start":{"line":204,"column":4},"end":{"line":204,"column":23}},"62":{"start":{"line":206,"column":4},"end":{"line":206,"column":60}},"63":{"start":{"line":207,"column":4},"end":{"line":207,"column":16}}},"fnMap":{"0":{"name":"(anonymous_0)","decl":{"start":{"line":11,"column":35},"end":{"line":11,"column":36}},"loc":{"start":{"line":11,"column":87},"end":{"line":84,"column":1}},"line":11},"1":{"name":"(anonymous_1)","decl":{"start":{"line":67,"column":54},"end":{"line":67,"column":55}},"loc":{"start":{"line":67,"column":60},"end":{"line":76,"column":7}},"line":67},"2":{"name":"(anonymous_2)","decl":{"start":{"line":96,"column":33},"end":{"line":96,"column":34}},"loc":{"start":{"line":96,"column":96},"end":{"line":110,"column":1}},"line":96},"3":{"name":"(anonymous_3)","decl":{"start":{"line":117,"column":40},"end":{"line":117,"column":41}},"loc":{"start":{"line":117,"column":58},"end":{"line":142,"column":1}},"line":117},"4":{"name":"(anonymous_4)","decl":{"start":{"line":150,"column":33},"end":{"line":150,"column":34}},"loc":{"start":{"line":150,"column":66},"end":{"line":164,"column":1}},"line":150},"5":{"name":"(anonymous_5)","decl":{"start":{"line":173,"column":37},"end":{"line":173,"column":38}},"loc":{"start":{"line":173,"column":89},"end":{"line":209,"column":1}},"line":173}},"branchMap":{"0":{"loc":{"start":{"line":11,"column":50},"end":{"line":11,"column":66}},"type":"default-arg","locations":[{"start":{"line":11,"column":62},"end":{"line":11,"column":66}}],"line":11},"1":{"loc":{"start":{"line":11,"column":68},"end":{"line":11,"column":82}},"type":"default-arg","locations":[{"start":{"line":11,"column":78},"end":{"line":11,"column":82}}],"line":11},"2":{"loc":{"start":{"line":40,"column":4},"end":{"line":45,"column":5}},"type":"if","locations":[{"start":{"line":40,"column":4},"end":{"line":45,"column":5}},{"start":{},"end":{}}],"line":40},"3":{"loc":{"start":{"line":47,"column":4},"end":{"line":51,"column":5}},"type":"if","locations":[{"start":{"line":47,"column":4},"end":{"line":51,"column":5}},{"start":{},"end":{}}],"line":47},"4":{"loc":{"start":{"line":173,"column":52},"end":{"line":173,"column":68}},"type":"default-arg","locations":[{"start":{"line":173,"column":64},"end":{"line":173,"column":68}}],"line":173},"5":{"loc":{"start":{"line":173,"column":70},"end":{"line":173,"column":84}},"type":"default-arg","locations":[{"start":{"line":173,"column":80},"end":{"line":173,"column":84}}],"line":173},"6":{"loc":{"start":{"line":188,"column":2},"end":{"line":192,"column":3}},"type":"if","locations":[{"start":{"line":188,"column":2},"end":{"line":192,"column":3}},{"start":{},"end":{}}],"line":188},"7":{"loc":{"start":{"line":194,"column":2},"end":{"line":198,"column":3}},"type":"if","locations":[{"start":{"line":194,"column":2},"end":{"line":198,"column":3}},{"start":{},"end":{}}],"line":194}},"s":{"0":2,"1":0,"2":0,"3":0,"4":0,"5":0,"6":0,"7":0,"8":0,"9":0,"10":0,"11":0,"12":0,"13":0,"14":0,"15":0,"16":0,"17":0,"18":0,"19":0,"20":0,"21":0,"22":0,"23":0,"24":0,"25":2,"26":1,"27":1,"28":1,"29":1,"30":0,"31":0,"32":2,"33":1,"34":1,"35":1,"36":1,"37":0,"38":0,"39":2,"40":0,"41":0,"42":0,"43":0,"44":0,"45":0,"46":2,"47":0,"48":0,"49":0,"50":0,"51":0,"52":0,"53":0,"54":0,"55":0,"56":0,"57":0,"58":0,"59":0,"60":0,"61":0,"62":0,"63":0},"f":{"0":0,"1":0,"2":1,"3":1,"4":0,"5":0},"b":{"0":[0],"1":[0],"2":[0,0],"3":[0,0],"4":[0],"5":[0],"6":[0,0],"7":[0,0]},"_coverageSchema":"1a1c01bbd47fc00a2c39e90264f33305004495a9","hash":"8925e58fe27409976222458f914de3f22d21d053"}
,"C:\\Users\\famil\\OneDrive\\Documentos\\Carpeta Diego\\Programacion Web - 202501\\proyecto_final\\proyecto_final\\backend\\src\\db\\userReporitory.js": {"path":"C:\\Users\\famil\\OneDrive\\Documentos\\Carpeta Diego\\Programacion Web - 202501\\proyecto_final\\proyecto_final\\backend\\src\\db\\userReporitory.js","statementMap":{"0":{"start":{"line":8,"column":16},"end":{"line":12,"column":3}},"1":{"start":{"line":14,"column":2},"end":{"line":20,"column":3}},"2":{"start":{"line":15,"column":19},"end":{"line":15,"column":51}},"3":{"start":{"line":16,"column":4},"end":{"line":16,"column":34}},"4":{"start":{"line":18,"column":4},"end":{"line":18,"column":54}},"5":{"start":{"line":19,"column":4},"end":{"line":19,"column":64}},"6":{"start":{"line":31,"column":16},"end":{"line":35,"column":3}},"7":{"start":{"line":37,"column":2},"end":{"line":48,"column":3}},"8":{"start":{"line":38,"column":19},"end":{"line":38,"column":73}},"9":{"start":{"line":39,"column":4},"end":{"line":39,"column":26}},"10":{"start":{"line":41,"column":4},"end":{"line":41,"column":49}},"11":{"start":{"line":43,"column":4},"end":{"line":45,"column":5}},"12":{"start":{"line":44,"column":6},"end":{"line":44,"column":53}},"13":{"start":{"line":47,"column":4},"end":{"line":47,"column":63}},"14":{"start":{"line":55,"column":16},"end":{"line":59,"column":3}},"15":{"start":{"line":61,"column":2},"end":{"line":67,"column":3}},"16":{"start":{"line":62,"column":19},"end":{"line":62,"column":52}},"17":{"start":{"line":63,"column":4},"end":{"line":63,"column":34}},"18":{"start":{"line":65,"column":4},"end":{"line":65,"column":51}},"19":{"start":{"line":66,"column":4},"end":{"line":66,"column":46}},"20":{"start":{"line":74,"column":26},"end":{"line":74,"column":36}},"21":{"start":{"line":76,"column":16},"end":{"line":83,"column":3}},"22":{"start":{"line":85,"column":2},"end":{"line":96,"column":3}},"23":{"start":{"line":86,"column":19},"end":{"line":86,"column":65}},"24":{"start":{"line":87,"column":4},"end":{"line":87,"column":34}},"25":{"start":{"line":89,"column":4},"end":{"line":89,"column":49}},"26":{"start":{"line":91,"column":4},"end":{"line":93,"column":5}},"27":{"start":{"line":92,"column":6},"end":{"line":92,"column":49}},"28":{"start":{"line":95,"column":4},"end":{"line":95,"column":46}},"29":{"start":{"line":103,"column":16},"end":{"line":103,"column":62}},"30":{"start":{"line":105,"column":2},"end":{"line":111,"column":3}},"31":{"start":{"line":106,"column":19},"end":{"line":106,"column":52}},"32":{"start":{"line":107,"column":4},"end":{"line":107,"column":34}},"33":{"start":{"line":109,"column":4},"end":{"line":109,"column":49}},"34":{"start":{"line":110,"column":4},"end":{"line":110,"column":46}}},"fnMap":{"0":{"name":"findUserByEmail","decl":{"start":{"line":7,"column":22},"end":{"line":7,"column":37}},"loc":{"start":{"line":7,"column":45},"end":{"line":21,"column":1}},"line":7},"1":{"name":"createUser","decl":{"start":{"line":30,"column":22},"end":{"line":30,"column":32}},"loc":{"start":{"line":30,"column":62},"end":{"line":49,"column":1}},"line":30},"2":{"name":"findUserById","decl":{"start":{"line":54,"column":22},"end":{"line":54,"column":34}},"loc":{"start":{"line":54,"column":43},"end":{"line":68,"column":1}},"line":54},"3":{"name":"updateUser","decl":{"start":{"line":73,"column":22},"end":{"line":73,"column":32}},"loc":{"start":{"line":73,"column":53},"end":{"line":97,"column":1}},"line":73},"4":{"name":"deleteUser","decl":{"start":{"line":102,"column":22},"end":{"line":102,"column":32}},"loc":{"start":{"line":102,"column":41},"end":{"line":112,"column":1}},"line":102}},"branchMap":{"0":{"loc":{"start":{"line":16,"column":11},"end":{"line":16,"column":33}},"type":"binary-expr","locations":[{"start":{"line":16,"column":11},"end":{"line":16,"column":25}},{"start":{"line":16,"column":29},"end":{"line":16,"column":33}}],"line":16},"1":{"loc":{"start":{"line":43,"column":4},"end":{"line":45,"column":5}},"type":"if","locations":[{"start":{"line":43,"column":4},"end":{"line":45,"column":5}},{"start":{},"end":{}}],"line":43},"2":{"loc":{"start":{"line":63,"column":11},"end":{"line":63,"column":33}},"type":"binary-expr","locations":[{"start":{"line":63,"column":11},"end":{"line":63,"column":25}},{"start":{"line":63,"column":29},"end":{"line":63,"column":33}}],"line":63},"3":{"loc":{"start":{"line":87,"column":11},"end":{"line":87,"column":33}},"type":"binary-expr","locations":[{"start":{"line":87,"column":11},"end":{"line":87,"column":25}},{"start":{"line":87,"column":29},"end":{"line":87,"column":33}}],"line":87},"4":{"loc":{"start":{"line":91,"column":4},"end":{"line":93,"column":5}},"type":"if","locations":[{"start":{"line":91,"column":4},"end":{"line":93,"column":5}},{"start":{},"end":{}}],"line":91}},"s":{"0":1,"1":1,"2":1,"3":1,"4":0,"5":0,"6":1,"7":1,"8":1,"9":1,"10":0,"11":0,"12":0,"13":0,"14":0,"15":0,"16":0,"17":0,"18":0,"19":0,"20":0,"21":0,"22":0,"23":0,"24":0,"25":0,"26":0,"27":0,"28":0,"29":0,"30":0,"31":0,"32":0,"33":0,"34":0},"f":{"0":1,"1":1,"2":0,"3":0,"4":0},"b":{"0":[1,1],"1":[0,0],"2":[0,0],"3":[0,0],"4":[0,0]},"_coverageSchema":"1a1c01bbd47fc00a2c39e90264f33305004495a9","hash":"858101bcc46bb8474c9852ba7247825c9f6ebd67"}
,"C:\\Users\\famil\\OneDrive\\Documentos\\Carpeta Diego\\Programacion Web - 202501\\proyecto_final\\proyecto_final\\backend\\src\\routes\\authRoutes.js": {"path":"C:\\Users\\famil\\OneDrive\\Documentos\\Carpeta Diego\\Programacion Web - 202501\\proyecto_final\\proyecto_final\\backend\\src\\routes\\authRoutes.js","statementMap":{"0":{"start":{"line":4,"column":15},"end":{"line":4,"column":31}},"1":{"start":{"line":7,"column":0},"end":{"line":7,"column":50}},"2":{"start":{"line":8,"column":0},"end":{"line":8,"column":44}}},"fnMap":{},"branchMap":{},"s":{"0":2,"1":2,"2":2},"f":{},"b":{},"_coverageSchema":"1a1c01bbd47fc00a2c39e90264f33305004495a9","hash":"c1ca3bd6cdc2e3c7dfe723add15a24bce1651357"}
,"C:\\Users\\famil\\OneDrive\\Documentos\\Carpeta Diego\\Programacion Web - 202501\\proyecto_final\\proyecto_final\\backend\\src\\routes\\categoryRoutes.js": {"path":"C:\\Users\\famil\\OneDrive\\Documentos\\Carpeta Diego\\Programacion Web - 202501\\proyecto_final\\proyecto_final\\backend\\src\\routes\\categoryRoutes.js","statementMap":{"0":{"start":{"line":4,"column":15},"end":{"line":4,"column":31}},"1":{"start":{"line":6,"column":0},"end":{"line":6,"column":57}},"2":{"start":{"line":7,"column":0},"end":{"line":7,"column":52}}},"fnMap":{},"branchMap":{},"s":{"0":2,"1":2,"2":2},"f":{},"b":{},"_coverageSchema":"1a1c01bbd47fc00a2c39e90264f33305004495a9","hash":"f61e41cc55516b994221b299309d07847418317e"}
,"C:\\Users\\famil\\OneDrive\\Documentos\\Carpeta Diego\\Programacion Web - 202501\\proyecto_final\\proyecto_final\\backend\\src\\routes\\transactionRoutes.js": {"path":"C:\\Users\\famil\\OneDrive\\Documentos\\Carpeta Diego\\Programacion Web - 202501\\proyecto_final\\proyecto_final\\backend\\src\\routes\\transactionRoutes.js","statementMap":{"0":{"start":{"line":4,"column":15},"end":{"line":4,"column":31}},"1":{"start":{"line":6,"column":0},"end":{"line":6,"column":55}},"2":{"start":{"line":7,"column":0},"end":{"line":7,"column":59}},"3":{"start":{"line":8,"column":0},"end":{"line":8,"column":60}}},"fnMap":{},"branchMap":{},"s":{"0":2,"1":2,"2":2,"3":2},"f":{},"b":{},"_coverageSchema":"1a1c01bbd47fc00a2c39e90264f33305004495a9","hash":"7c80c54769f22e3a190c5a6f8831a7681c58d9c0"}
,"C:\\Users\\famil\\OneDrive\\Documentos\\Carpeta Diego\\Programacion Web - 202501\\proyecto_final\\proyecto_final\\backend\\src\\services\\authService.js": {"path":"C:\\Users\\famil\\OneDrive\\Documentos\\Carpeta Diego\\Programacion Web - 202501\\proyecto_final\\proyecto_final\\backend\\src\\services\\authService.js","statementMap":{"0":{"start":{"line":6,"column":19},"end":{"line":6,"column":76}},"1":{"start":{"line":13,"column":22},"end":{"line":19,"column":1}},"2":{"start":{"line":14,"column":2},"end":{"line":18,"column":4}},"3":{"start":{"line":28,"column":24},"end":{"line":64,"column":1}},"4":{"start":{"line":29,"column":2},"end":{"line":63,"column":3}},"5":{"start":{"line":31,"column":25},"end":{"line":31,"column":53}},"6":{"start":{"line":32,"column":4},"end":{"line":36,"column":5}},"7":{"start":{"line":33,"column":20},"end":{"line":33,"column":68}},"8":{"start":{"line":34,"column":6},"end":{"line":34,"column":25}},"9":{"start":{"line":35,"column":6},"end":{"line":35,"column":18}},"10":{"start":{"line":39,"column":23},"end":{"line":39,"column":25}},"11":{"start":{"line":40,"column":27},"end":{"line":40,"column":66}},"12":{"start":{"line":43,"column":20},"end":{"line":43,"column":65}},"13":{"start":{"line":46,"column":18},"end":{"line":46,"column":40}},"14":{"start":{"line":48,"column":4},"end":{"line":55,"column":6}},"15":{"start":{"line":57,"column":4},"end":{"line":57,"column":55}},"16":{"start":{"line":58,"column":4},"end":{"line":58,"column":34}},"17":{"start":{"line":58,"column":22},"end":{"line":58,"column":34}},"18":{"start":{"line":60,"column":25},"end":{"line":60,"column":87}},"19":{"start":{"line":61,"column":4},"end":{"line":61,"column":30}},"20":{"start":{"line":62,"column":4},"end":{"line":62,"column":23}},"21":{"start":{"line":72,"column":21},"end":{"line":120,"column":1}},"22":{"start":{"line":73,"column":2},"end":{"line":119,"column":3}},"23":{"start":{"line":75,"column":17},"end":{"line":75,"column":45}},"24":{"start":{"line":77,"column":4},"end":{"line":81,"column":5}},"25":{"start":{"line":78,"column":20},"end":{"line":78,"column":55}},"26":{"start":{"line":79,"column":6},"end":{"line":79,"column":25}},"27":{"start":{"line":80,"column":6},"end":{"line":80,"column":18}},"28":{"start":{"line":84,"column":27},"end":{"line":84,"column":40}},"29":{"start":{"line":86,"column":4},"end":{"line":90,"column":5}},"30":{"start":{"line":87,"column":20},"end":{"line":87,"column":85}},"31":{"start":{"line":88,"column":6},"end":{"line":88,"column":25}},"32":{"start":{"line":89,"column":6},"end":{"line":89,"column":18}},"33":{"start":{"line":93,"column":26},"end":{"line":93,"column":72}},"34":{"start":{"line":95,"column":4},"end":{"line":99,"column":5}},"35":{"start":{"line":96,"column":20},"end":{"line":96,"column":55}},"36":{"start":{"line":97,"column":6},"end":{"line":97,"column":25}},"37":{"start":{"line":98,"column":6},"end":{"line":98,"column":18}},"38":{"start":{"line":102,"column":18},"end":{"line":102,"column":37}},"39":{"start":{"line":104,"column":4},"end":{"line":111,"column":6}},"40":{"start":{"line":113,"column":4},"end":{"line":113,"column":52}},"41":{"start":{"line":114,"column":4},"end":{"line":114,"column":34}},"42":{"start":{"line":114,"column":22},"end":{"line":114,"column":34}},"43":{"start":{"line":116,"column":25},"end":{"line":116,"column":77}},"44":{"start":{"line":117,"column":4},"end":{"line":117,"column":30}},"45":{"start":{"line":118,"column":4},"end":{"line":118,"column":23}},"46":{"start":{"line":127,"column":27},"end":{"line":133,"column":1}},"47":{"start":{"line":128,"column":2},"end":{"line":132,"column":3}},"48":{"start":{"line":129,"column":4},"end":{"line":129,"column":41}},"49":{"start":{"line":131,"column":4},"end":{"line":131,"column":16}}},"fnMap":{"0":{"name":"(anonymous_0)","decl":{"start":{"line":13,"column":22},"end":{"line":13,"column":23}},"loc":{"start":{"line":13,"column":32},"end":{"line":19,"column":1}},"line":13},"1":{"name":"(anonymous_1)","decl":{"start":{"line":28,"column":24},"end":{"line":28,"column":25}},"loc":{"start":{"line":28,"column":57},"end":{"line":64,"column":1}},"line":28},"2":{"name":"(anonymous_2)","decl":{"start":{"line":72,"column":21},"end":{"line":72,"column":22}},"loc":{"start":{"line":72,"column":48},"end":{"line":120,"column":1}},"line":72},"3":{"name":"(anonymous_3)","decl":{"start":{"line":127,"column":27},"end":{"line":127,"column":28}},"loc":{"start":{"line":127,"column":38},"end":{"line":133,"column":1}},"line":127}},"branchMap":{"0":{"loc":{"start":{"line":6,"column":19},"end":{"line":6,"column":76}},"type":"binary-expr","locations":[{"start":{"line":6,"column":19},"end":{"line":6,"column":41}},{"start":{"line":6,"column":45},"end":{"line":6,"column":76}}],"line":6},"1":{"loc":{"start":{"line":32,"column":4},"end":{"line":36,"column":5}},"type":"if","locations":[{"start":{"line":32,"column":4},"end":{"line":36,"column":5}},{"start":{},"end":{}}],"line":32},"2":{"loc":{"start":{"line":58,"column":4},"end":{"line":58,"column":34}},"type":"if","locations":[{"start":{"line":58,"column":4},"end":{"line":58,"column":34}},{"start":{},"end":{}}],"line":58},"3":{"loc":{"start":{"line":60,"column":35},"end":{"line":60,"column":86}},"type":"binary-expr","locations":[{"start":{"line":60,"column":35},"end":{"line":60,"column":48}},{"start":{"line":60,"column":52},"end":{"line":60,"column":86}}],"line":60},"4":{"loc":{"start":{"line":77,"column":4},"end":{"line":81,"column":5}},"type":"if","locations":[{"start":{"line":77,"column":4},"end":{"line":81,"column":5}},{"start":{},"end":{}}],"line":77},"5":{"loc":{"start":{"line":86,"column":4},"end":{"line":90,"column":5}},"type":"if","locations":[{"start":{"line":86,"column":4},"end":{"line":90,"column":5}},{"start":{},"end":{}}],"line":86},"6":{"loc":{"start":{"line":95,"column":4},"end":{"line":99,"column":5}},"type":"if","locations":[{"start":{"line":95,"column":4},"end":{"line":99,"column":5}},{"start":{},"end":{}}],"line":95},"7":{"loc":{"start":{"line":114,"column":4},"end":{"line":114,"column":34}},"type":"if","locations":[{"start":{"line":114,"column":4},"end":{"line":114,"column":34}},{"start":{},"end":{}}],"line":114},"8":{"loc":{"start":{"line":116,"column":35},"end":{"line":116,"column":76}},"type":"binary-expr","locations":[{"start":{"line":116,"column":35},"end":{"line":116,"column":48}},{"start":{"line":116,"column":52},"end":{"line":116,"column":76}}],"line":116}},"s":{"0":2,"1":2,"2":1,"3":2,"4":1,"5":1,"6":1,"7":0,"8":0,"9":0,"10":1,"11":1,"12":1,"13":1,"14":1,"15":0,"16":0,"17":0,"18":0,"19":0,"20":0,"21":2,"22":0,"23":0,"24":0,"25":0,"26":0,"27":0,"28":0,"29":0,"30":0,"31":0,"32":0,"33":0,"34":0,"35":0,"36":0,"37":0,"38":0,"39":0,"40":0,"41":0,"42":0,"43":0,"44":0,"45":0,"46":2,"47":0,"48":0,"49":0},"f":{"0":1,"1":1,"2":0,"3":0},"b":{"0":[2,2],"1":[0,1],"2":[0,0],"3":[0,0],"4":[0,0],"5":[0,0],"6":[0,0],"7":[0,0],"8":[0,0]},"_coverageSchema":"1a1c01bbd47fc00a2c39e90264f33305004495a9","hash":"99240f0b87270f87bee6b2ea5b203880144a8972"}
,"C:\\Users\\famil\\OneDrive\\Documentos\\Carpeta Diego\\Programacion Web - 202501\\proyecto_final\\proyecto_final\\backend\\src\\services\\categoryService.js": {"path":"C:\\Users\\famil\\OneDrive\\Documentos\\Carpeta Diego\\Programacion Web - 202501\\proyecto_final\\proyecto_final\\backend\\src\\services\\categoryService.js","statementMap":{"0":{"start":{"line":9,"column":19},"end":{"line":24,"column":1}},"1":{"start":{"line":10,"column":2},"end":{"line":14,"column":3}},"2":{"start":{"line":11,"column":18},"end":{"line":11,"column":54}},"3":{"start":{"line":12,"column":4},"end":{"line":12,"column":23}},"4":{"start":{"line":13,"column":4},"end":{"line":13,"column":16}},"5":{"start":{"line":16,"column":2},"end":{"line":23,"column":3}},"6":{"start":{"line":17,"column":4},"end":{"line":17,"column":67}},"7":{"start":{"line":19,"column":4},"end":{"line":19,"column":53}},"8":{"start":{"line":20,"column":25},"end":{"line":20,"column":65}},"9":{"start":{"line":21,"column":4},"end":{"line":21,"column":30}},"10":{"start":{"line":22,"column":4},"end":{"line":22,"column":23}},"11":{"start":{"line":31,"column":39},"end":{"line":66,"column":1}},"12":{"start":{"line":32,"column":2},"end":{"line":36,"column":3}},"13":{"start":{"line":33,"column":18},"end":{"line":33,"column":54}},"14":{"start":{"line":34,"column":4},"end":{"line":34,"column":23}},"15":{"start":{"line":35,"column":4},"end":{"line":35,"column":16}},"16":{"start":{"line":38,"column":2},"end":{"line":65,"column":3}},"17":{"start":{"line":39,"column":18},"end":{"line":51,"column":5}},"18":{"start":{"line":52,"column":19},"end":{"line":52,"column":52}},"19":{"start":{"line":54,"column":4},"end":{"line":59,"column":8}},"20":{"start":{"line":54,"column":33},"end":{"line":59,"column":5}},"21":{"start":{"line":61,"column":4},"end":{"line":61,"column":62}},"22":{"start":{"line":62,"column":25},"end":{"line":62,"column":77}},"23":{"start":{"line":63,"column":4},"end":{"line":63,"column":30}},"24":{"start":{"line":64,"column":4},"end":{"line":64,"column":23}},"25":{"start":{"line":75,"column":22},"end":{"line":100,"column":1}},"26":{"start":{"line":76,"column":2},"end":{"line":80,"column":3}},"27":{"start":{"line":77,"column":18},"end":{"line":77,"column":64}},"28":{"start":{"line":78,"column":4},"end":{"line":78,"column":23}},"29":{"start":{"line":79,"column":4},"end":{"line":79,"column":16}},"30":{"start":{"line":82,"column":2},"end":{"line":86,"column":3}},"31":{"start":{"line":83,"column":18},"end":{"line":83,"column":57}},"32":{"start":{"line":84,"column":4},"end":{"line":84,"column":23}},"33":{"start":{"line":85,"column":4},"end":{"line":85,"column":16}},"34":{"start":{"line":88,"column":2},"end":{"line":99,"column":3}},"35":{"start":{"line":89,"column":21},"end":{"line":89,"column":80}},"36":{"start":{"line":91,"column":4},"end":{"line":91,"column":20}},"37":{"start":{"line":93,"column":4},"end":{"line":93,"column":63}},"38":{"start":{"line":94,"column":4},"end":{"line":94,"column":34}},"39":{"start":{"line":94,"column":22},"end":{"line":94,"column":34}},"40":{"start":{"line":96,"column":25},"end":{"line":96,"column":62}},"41":{"start":{"line":97,"column":4},"end":{"line":97,"column":30}},"42":{"start":{"line":98,"column":4},"end":{"line":98,"column":23}},"43":{"start":{"line":109,"column":22},"end":{"line":142,"column":1}},"44":{"start":{"line":110,"column":2},"end":{"line":114,"column":3}},"45":{"start":{"line":111,"column":18},"end":{"line":111,"column":45}},"46":{"start":{"line":112,"column":4},"end":{"line":112,"column":23}},"47":{"start":{"line":113,"column":4},"end":{"line":113,"column":16}},"48":{"start":{"line":116,"column":2},"end":{"line":141,"column":3}},"49":{"start":{"line":117,"column":28},"end":{"line":117,"column":90}},"50":{"start":{"line":119,"column":4},"end":{"line":123,"column":5}},"51":{"start":{"line":120,"column":20},"end":{"line":120,"column":103}},"52":{"start":{"line":121,"column":6},"end":{"line":121,"column":25}},"53":{"start":{"line":122,"column":6},"end":{"line":122,"column":18}},"54":{"start":{"line":125,"column":20},"end":{"line":125,"column":79}},"55":{"start":{"line":127,"column":4},"end":{"line":131,"column":5}},"56":{"start":{"line":128,"column":20},"end":{"line":128,"column":56}},"57":{"start":{"line":129,"column":6},"end":{"line":129,"column":25}},"58":{"start":{"line":130,"column":6},"end":{"line":130,"column":18}},"59":{"start":{"line":133,"column":4},"end":{"line":133,"column":59}},"60":{"start":{"line":135,"column":4},"end":{"line":135,"column":54}},"61":{"start":{"line":136,"column":4},"end":{"line":136,"column":34}},"62":{"start":{"line":136,"column":22},"end":{"line":136,"column":34}},"63":{"start":{"line":138,"column":25},"end":{"line":138,"column":65}},"64":{"start":{"line":139,"column":4},"end":{"line":139,"column":30}},"65":{"start":{"line":140,"column":4},"end":{"line":140,"column":23}}},"fnMap":{"0":{"name":"(anonymous_0)","decl":{"start":{"line":9,"column":19},"end":{"line":9,"column":20}},"loc":{"start":{"line":9,"column":37},"end":{"line":24,"column":1}},"line":9},"1":{"name":"(anonymous_1)","decl":{"start":{"line":31,"column":39},"end":{"line":31,"column":40}},"loc":{"start":{"line":31,"column":57},"end":{"line":66,"column":1}},"line":31},"2":{"name":"(anonymous_2)","decl":{"start":{"line":54,"column":27},"end":{"line":54,"column":28}},"loc":{"start":{"line":54,"column":33},"end":{"line":59,"column":5}},"line":54},"3":{"name":"(anonymous_3)","decl":{"start":{"line":75,"column":22},"end":{"line":75,"column":23}},"loc":{"start":{"line":75,"column":52},"end":{"line":100,"column":1}},"line":75},"4":{"name":"(anonymous_4)","decl":{"start":{"line":109,"column":22},"end":{"line":109,"column":23}},"loc":{"start":{"line":109,"column":52},"end":{"line":142,"column":1}},"line":109}},"branchMap":{"0":{"loc":{"start":{"line":10,"column":2},"end":{"line":14,"column":3}},"type":"if","locations":[{"start":{"line":10,"column":2},"end":{"line":14,"column":3}},{"start":{},"end":{}}],"line":10},"1":{"loc":{"start":{"line":32,"column":2},"end":{"line":36,"column":3}},"type":"if","locations":[{"start":{"line":32,"column":2},"end":{"line":36,"column":3}},{"start":{},"end":{}}],"line":32},"2":{"loc":{"start":{"line":58,"column":21},"end":{"line":58,"column":33}},"type":"binary-expr","locations":[{"start":{"line":58,"column":21},"end":{"line":58,"column":28}},{"start":{"line":58,"column":32},"end":{"line":58,"column":33}}],"line":58},"3":{"loc":{"start":{"line":76,"column":2},"end":{"line":80,"column":3}},"type":"if","locations":[{"start":{"line":76,"column":2},"end":{"line":80,"column":3}},{"start":{},"end":{}}],"line":76},"4":{"loc":{"start":{"line":76,"column":6},"end":{"line":76,"column":31}},"type":"binary-expr","locations":[{"start":{"line":76,"column":6},"end":{"line":76,"column":13}},{"start":{"line":76,"column":17},"end":{"line":76,"column":22}},{"start":{"line":76,"column":26},"end":{"line":76,"column":31}}],"line":76},"5":{"loc":{"start":{"line":82,"column":2},"end":{"line":86,"column":3}},"type":"if","locations":[{"start":{"line":82,"column":2},"end":{"line":86,"column":3}},{"start":{},"end":{}}],"line":82},"6":{"loc":{"start":{"line":94,"column":4},"end":{"line":94,"column":34}},"type":"if","locations":[{"start":{"line":94,"column":4},"end":{"line":94,"column":34}},{"start":{},"end":{}}],"line":94},"7":{"loc":{"start":{"line":110,"column":2},"end":{"line":114,"column":3}},"type":"if","locations":[{"start":{"line":110,"column":2},"end":{"line":114,"column":3}},{"start":{},"end":{}}],"line":110},"8":{"loc":{"start":{"line":110,"column":6},"end":{"line":110,"column":28}},"type":"binary-expr","locations":[{"start":{"line":110,"column":6},"end":{"line":110,"column":17}},{"start":{"line":110,"column":21},"end":{"line":110,"column":28}}],"line":110},"9":{"loc":{"start":{"line":119,"column":4},"end":{"line":123,"column":5}},"type":"if","locations":[{"start":{"line":119,"column":4},"end":{"line":123,"column":5}},{"start":{},"end":{}}],"line":119},"10":{"loc":{"start":{"line":127,"column":4},"end":{"line":131,"column":5}},"type":"if","locations":[{"start":{"line":127,"column":4},"end":{"line":131,"column":5}},{"start":{},"end":{}}],"line":127},"11":{"loc":{"start":{"line":136,"column":4},"end":{"line":136,"column":34}},"type":"if","locations":[{"start":{"line":136,"column":4},"end":{"line":136,"column":34}},{"start":{},"end":{}}],"line":136}},"s":{"0":3,"1":1,"2":0,"3":0,"4":0,"5":1,"6":1,"7":0,"8":0,"9":0,"10":0,"11":3,"12":1,"13":0,"14":0,"15":0,"16":1,"17":1,"18":1,"19":1,"20":0,"21":0,"22":0,"23":0,"24":0,"25":3,"26":2,"27":1,"28":1,"29":1,"30":1,"31":0,"32":0,"33":0,"34":1,"35":1,"36":1,"37":0,"38":0,"39":0,"40":0,"41":0,"42":0,"43":3,"44":1,"45":0,"46":0,"47":0,"48":1,"49":1,"50":1,"51":1,"52":1,"53":1,"54":0,"55":0,"56":0,"57":0,"58":0,"59":0,"60":1,"61":1,"62":1,"63":0,"64":0,"65":0},"f":{"0":1,"1":1,"2":0,"3":2,"4":1},"b":{"0":[0,1],"1":[0,1],"2":[0,0],"3":[1,1],"4":[2,2,2],"5":[0,1],"6":[0,0],"7":[0,1],"8":[1,1],"9":[1,0],"10":[0,0],"11":[1,0]},"_coverageSchema":"1a1c01bbd47fc00a2c39e90264f33305004495a9","hash":"1bdf9dc3986030281169c8afeac5918ac73a3f5a"}
,"C:\\Users\\famil\\OneDrive\\Documentos\\Carpeta Diego\\Programacion Web - 202501\\proyecto_final\\proyecto_final\\backend\\src\\services\\transactionService.js": {"path":"C:\\Users\\famil\\OneDrive\\Documentos\\Carpeta Diego\\Programacion Web - 202501\\proyecto_final\\proyecto_final\\backend\\src\\services\\transactionService.js","statementMap":{"0":{"start":{"line":14,"column":33},"end":{"line":50,"column":1}},"1":{"start":{"line":15,"column":2},"end":{"line":19,"column":3}},"2":{"start":{"line":16,"column":18},"end":{"line":16,"column":64}},"3":{"start":{"line":17,"column":4},"end":{"line":17,"column":23}},"4":{"start":{"line":18,"column":4},"end":{"line":18,"column":16}},"5":{"start":{"line":21,"column":2},"end":{"line":49,"column":3}},"6":{"start":{"line":23,"column":23},"end":{"line":23,"column":78}},"7":{"start":{"line":24,"column":21},"end":{"line":24,"column":76}},"8":{"start":{"line":24,"column":42},"end":{"line":24,"column":75}},"9":{"start":{"line":26,"column":4},"end":{"line":30,"column":5}},"10":{"start":{"line":27,"column":20},"end":{"line":27,"column":82}},"11":{"start":{"line":28,"column":6},"end":{"line":28,"column":25}},"12":{"start":{"line":29,"column":6},"end":{"line":29,"column":18}},"13":{"start":{"line":32,"column":17},"end":{"line":32,"column":30}},"14":{"start":{"line":34,"column":4},"end":{"line":41,"column":6}},"15":{"start":{"line":43,"column":4},"end":{"line":43,"column":64}},"16":{"start":{"line":44,"column":4},"end":{"line":44,"column":34}},"17":{"start":{"line":44,"column":22},"end":{"line":44,"column":34}},"18":{"start":{"line":46,"column":25},"end":{"line":46,"column":67}},"19":{"start":{"line":47,"column":4},"end":{"line":47,"column":30}},"20":{"start":{"line":48,"column":4},"end":{"line":48,"column":23}},"21":{"start":{"line":57,"column":31},"end":{"line":72,"column":1}},"22":{"start":{"line":58,"column":2},"end":{"line":62,"column":3}},"23":{"start":{"line":59,"column":18},"end":{"line":59,"column":54}},"24":{"start":{"line":60,"column":4},"end":{"line":60,"column":23}},"25":{"start":{"line":61,"column":4},"end":{"line":61,"column":16}},"26":{"start":{"line":64,"column":2},"end":{"line":71,"column":3}},"27":{"start":{"line":65,"column":4},"end":{"line":65,"column":66}},"28":{"start":{"line":67,"column":4},"end":{"line":67,"column":62}},"29":{"start":{"line":68,"column":25},"end":{"line":68,"column":80}},"30":{"start":{"line":69,"column":4},"end":{"line":69,"column":30}},"31":{"start":{"line":70,"column":4},"end":{"line":70,"column":23}},"32":{"start":{"line":81,"column":32},"end":{"line":96,"column":1}},"33":{"start":{"line":82,"column":2},"end":{"line":86,"column":3}},"34":{"start":{"line":83,"column":18},"end":{"line":83,"column":54}},"35":{"start":{"line":84,"column":4},"end":{"line":84,"column":23}},"36":{"start":{"line":85,"column":4},"end":{"line":85,"column":16}},"37":{"start":{"line":88,"column":2},"end":{"line":95,"column":3}},"38":{"start":{"line":89,"column":4},"end":{"line":89,"column":81}},"39":{"start":{"line":91,"column":4},"end":{"line":91,"column":63}},"40":{"start":{"line":92,"column":25},"end":{"line":92,"column":74}},"41":{"start":{"line":93,"column":4},"end":{"line":93,"column":30}},"42":{"start":{"line":94,"column":4},"end":{"line":94,"column":23}},"43":{"start":{"line":104,"column":40},"end":{"line":129,"column":1}},"44":{"start":{"line":105,"column":2},"end":{"line":109,"column":3}},"45":{"start":{"line":106,"column":18},"end":{"line":106,"column":45}},"46":{"start":{"line":107,"column":4},"end":{"line":107,"column":23}},"47":{"start":{"line":108,"column":4},"end":{"line":108,"column":16}},"48":{"start":{"line":111,"column":2},"end":{"line":128,"column":3}},"49":{"start":{"line":112,"column":20},"end":{"line":112,"column":82}},"50":{"start":{"line":114,"column":4},"end":{"line":118,"column":5}},"51":{"start":{"line":115,"column":28},"end":{"line":115,"column":92}},"52":{"start":{"line":116,"column":6},"end":{"line":116,"column":33}},"53":{"start":{"line":117,"column":6},"end":{"line":117,"column":26}},"54":{"start":{"line":120,"column":4},"end":{"line":120,"column":61}},"55":{"start":{"line":122,"column":4},"end":{"line":122,"column":64}},"56":{"start":{"line":123,"column":4},"end":{"line":123,"column":34}},"57":{"start":{"line":123,"column":22},"end":{"line":123,"column":34}},"58":{"start":{"line":125,"column":25},"end":{"line":125,"column":70}},"59":{"start":{"line":126,"column":4},"end":{"line":126,"column":30}},"60":{"start":{"line":127,"column":4},"end":{"line":127,"column":23}},"61":{"start":{"line":137,"column":27},"end":{"line":182,"column":1}},"62":{"start":{"line":138,"column":2},"end":{"line":142,"column":3}},"63":{"start":{"line":139,"column":18},"end":{"line":139,"column":54}},"64":{"start":{"line":140,"column":4},"end":{"line":140,"column":23}},"65":{"start":{"line":141,"column":4},"end":{"line":141,"column":16}},"66":{"start":{"line":144,"column":2},"end":{"line":181,"column":3}},"67":{"start":{"line":145,"column":20},"end":{"line":145,"column":24}},"68":{"start":{"line":146,"column":18},"end":{"line":146,"column":22}},"69":{"start":{"line":148,"column":4},"end":{"line":156,"column":5}},"70":{"start":{"line":149,"column":18},"end":{"line":149,"column":28}},"71":{"start":{"line":150,"column":6},"end":{"line":150,"column":93}},"72":{"start":{"line":151,"column":6},"end":{"line":151,"column":95}},"73":{"start":{"line":152,"column":11},"end":{"line":156,"column":5}},"74":{"start":{"line":153,"column":18},"end":{"line":153,"column":28}},"75":{"start":{"line":154,"column":6},"end":{"line":154,"column":80}},"76":{"start":{"line":155,"column":6},"end":{"line":155,"column":80}},"77":{"start":{"line":158,"column":36},"end":{"line":161,"column":6}},"78":{"start":{"line":164,"column":28},"end":{"line":164,"column":37}},"79":{"start":{"line":165,"column":4},"end":{"line":170,"column":5}},"80":{"start":{"line":166,"column":6},"end":{"line":169,"column":9}},"81":{"start":{"line":167,"column":22},"end":{"line":167,"column":38}},"82":{"start":{"line":168,"column":8},"end":{"line":168,"column":74}},"83":{"start":{"line":172,"column":4},"end":{"line":175,"column":6}},"84":{"start":{"line":177,"column":4},"end":{"line":177,"column":58}},"85":{"start":{"line":178,"column":25},"end":{"line":178,"column":63}},"86":{"start":{"line":179,"column":4},"end":{"line":179,"column":30}},"87":{"start":{"line":180,"column":4},"end":{"line":180,"column":23}}},"fnMap":{"0":{"name":"(anonymous_0)","decl":{"start":{"line":14,"column":33},"end":{"line":14,"column":34}},"loc":{"start":{"line":14,"column":90},"end":{"line":50,"column":1}},"line":14},"1":{"name":"(anonymous_1)","decl":{"start":{"line":24,"column":37},"end":{"line":24,"column":38}},"loc":{"start":{"line":24,"column":42},"end":{"line":24,"column":75}},"line":24},"2":{"name":"(anonymous_2)","decl":{"start":{"line":57,"column":31},"end":{"line":57,"column":32}},"loc":{"start":{"line":57,"column":49},"end":{"line":72,"column":1}},"line":57},"3":{"name":"(anonymous_3)","decl":{"start":{"line":81,"column":32},"end":{"line":81,"column":33}},"loc":{"start":{"line":81,"column":84},"end":{"line":96,"column":1}},"line":81},"4":{"name":"(anonymous_4)","decl":{"start":{"line":104,"column":40},"end":{"line":104,"column":41}},"loc":{"start":{"line":104,"column":73},"end":{"line":129,"column":1}},"line":104},"5":{"name":"(anonymous_5)","decl":{"start":{"line":137,"column":27},"end":{"line":137,"column":28}},"loc":{"start":{"line":137,"column":60},"end":{"line":182,"column":1}},"line":137},"6":{"name":"(anonymous_6)","decl":{"start":{"line":166,"column":43},"end":{"line":166,"column":44}},"loc":{"start":{"line":166,"column":48},"end":{"line":169,"column":7}},"line":166}},"branchMap":{"0":{"loc":{"start":{"line":15,"column":2},"end":{"line":19,"column":3}},"type":"if","locations":[{"start":{"line":15,"column":2},"end":{"line":19,"column":3}},{"start":{},"end":{}}],"line":15},"1":{"loc":{"start":{"line":15,"column":6},"end":{"line":15,"column":64}},"type":"binary-expr","locations":[{"start":{"line":15,"column":6},"end":{"line":15,"column":13}},{"start":{"line":15,"column":17},"end":{"line":15,"column":28}},{"start":{"line":15,"column":32},"end":{"line":15,"column":44}},{"start":{"line":15,"column":48},"end":{"line":15,"column":55}},{"start":{"line":15,"column":59},"end":{"line":15,"column":64}}],"line":15},"2":{"loc":{"start":{"line":26,"column":4},"end":{"line":30,"column":5}},"type":"if","locations":[{"start":{"line":26,"column":4},"end":{"line":30,"column":5}},{"start":{},"end":{}}],"line":26},"3":{"loc":{"start":{"line":44,"column":4},"end":{"line":44,"column":34}},"type":"if","locations":[{"start":{"line":44,"column":4},"end":{"line":44,"column":34}},{"start":{},"end":{}}],"line":44},"4":{"loc":{"start":{"line":58,"column":2},"end":{"line":62,"column":3}},"type":"if","locations":[{"start":{"line":58,"column":2},"end":{"line":62,"column":3}},{"start":{},"end":{}}],"line":58},"5":{"loc":{"start":{"line":81,"column":47},"end":{"line":81,"column":63}},"type":"default-arg","locations":[{"start":{"line":81,"column":59},"end":{"line":81,"column":63}}],"line":81},"6":{"loc":{"start":{"line":81,"column":65},"end":{"line":81,"column":79}},"type":"default-arg","locations":[{"start":{"line":81,"column":75},"end":{"line":81,"column":79}}],"line":81},"7":{"loc":{"start":{"line":82,"column":2},"end":{"line":86,"column":3}},"type":"if","locations":[{"start":{"line":82,"column":2},"end":{"line":86,"column":3}},{"start":{},"end":{}}],"line":82},"8":{"loc":{"start":{"line":105,"column":2},"end":{"line":109,"column":3}},"type":"if","locations":[{"start":{"line":105,"column":2},"end":{"line":109,"column":3}},{"start":{},"end":{}}],"line":105},"9":{"loc":{"start":{"line":105,"column":6},"end":{"line":105,"column":31}},"type":"binary-expr","locations":[{"start":{"line":105,"column":6},"end":{"line":105,"column":20}},{"start":{"line":105,"column":24},"end":{"line":105,"column":31}}],"line":105},"10":{"loc":{"start":{"line":114,"column":4},"end":{"line":118,"column":5}},"type":"if","locations":[{"start":{"line":114,"column":4},"end":{"line":118,"column":5}},{"start":{},"end":{}}],"line":114},"11":{"loc":{"start":{"line":123,"column":4},"end":{"line":123,"column":34}},"type":"if","locations":[{"start":{"line":123,"column":4},"end":{"line":123,"column":34}},{"start":{},"end":{}}],"line":123},"12":{"loc":{"start":{"line":137,"column":42},"end":{"line":137,"column":55}},"type":"default-arg","locations":[{"start":{"line":137,"column":50},"end":{"line":137,"column":55}}],"line":137},"13":{"loc":{"start":{"line":138,"column":2},"end":{"line":142,"column":3}},"type":"if","locations":[{"start":{"line":138,"column":2},"end":{"line":142,"column":3}},{"start":{},"end":{}}],"line":138},"14":{"loc":{"start":{"line":148,"column":4},"end":{"line":156,"column":5}},"type":"if","locations":[{"start":{"line":148,"column":4},"end":{"line":156,"column":5}},{"start":{"line":152,"column":11},"end":{"line":156,"column":5}}],"line":148},"15":{"loc":{"start":{"line":152,"column":11},"end":{"line":156,"column":5}},"type":"if","locations":[{"start":{"line":152,"column":11},"end":{"line":156,"column":5}},{"start":{},"end":{}}],"line":152},"16":{"loc":{"start":{"line":165,"column":4},"end":{"line":170,"column":5}},"type":"if","locations":[{"start":{"line":165,"column":4},"end":{"line":170,"column":5}},{"start":{},"end":{}}],"line":165},"17":{"loc":{"start":{"line":165,"column":8},"end":{"line":165,"column":28}},"type":"binary-expr","locations":[{"start":{"line":165,"column":8},"end":{"line":165,"column":17}},{"start":{"line":165,"column":21},"end":{"line":165,"column":28}}],"line":165},"18":{"loc":{"start":{"line":168,"column":15},"end":{"line":168,"column":73}},"type":"binary-expr","locations":[{"start":{"line":168,"column":15},"end":{"line":168,"column":43}},{"start":{"line":168,"column":47},"end":{"line":168,"column":73}}],"line":168}},"s":{"0":2,"1":1,"2":0,"3":0,"4":0,"5":1,"6":1,"7":1,"8":1,"9":1,"10":0,"11":0,"12":0,"13":1,"14":1,"15":0,"16":0,"17":0,"18":0,"19":0,"20":0,"21":2,"22":1,"23":0,"24":0,"25":0,"26":1,"27":1,"28":0,"29":0,"30":0,"31":0,"32":2,"33":0,"34":0,"35":0,"36":0,"37":0,"38":0,"39":0,"40":0,"41":0,"42":0,"43":2,"44":0,"45":0,"46":0,"47":0,"48":0,"49":0,"50":0,"51":0,"52":0,"53":0,"54":0,"55":0,"56":0,"57":0,"58":0,"59":0,"60":0,"61":2,"62":0,"63":0,"64":0,"65":0,"66":0,"67":0,"68":0,"69":0,"70":0,"71":0,"72":0,"73":0,"74":0,"75":0,"76":0,"77":0,"78":0,"79":0,"80":0,"81":0,"82":0,"83":0,"84":0,"85":0,"86":0,"87":0},"f":{"0":1,"1":1,"2":1,"3":0,"4":0,"5":0,"6":0},"b":{"0":[0,1],"1":[1,1,1,1,1],"2":[0,1],"3":[0,0],"4":[0,1],"5":[0],"6":[0],"7":[0,0],"8":[0,0],"9":[0,0],"10":[0,0],"11":[0,0],"12":[0],"13":[0,0],"14":[0,0],"15":[0,0],"16":[0,0],"17":[0,0],"18":[0,0]},"_coverageSchema":"1a1c01bbd47fc00a2c39e90264f33305004495a9","hash":"716f360c14e0b59529bb2611ca653eb7244e7d14"}
}
