TN:
SF:src\config\appConfig.js
FNF:0
FNH:0
DA:7,1
DA:10,1
DA:11,1
DA:14,1
DA:15,1
DA:16,1
LF:6
LH:6
BRF:0
BRH:0
end_of_record
TN:
SF:src\config\db.config.js
FN:20,(anonymous_0)
FN:30,(anonymous_1)
FNF:2
FNH:0
FNDA:0,(anonymous_0)
FNDA:0,(anonymous_1)
DA:2,7
DA:5,7
DA:18,7
DA:20,7
DA:22,0
DA:30,7
DA:31,0
DA:32,0
DA:34,0
DA:45,0
DA:57,0
DA:70,0
DA:72,0
DA:73,0
LF:14
LH:5
BRF:0
BRH:0
end_of_record
TN:
SF:src\controllers\authController.js
FN:7,(anonymous_0)
FN:15,(anonymous_1)
FN:50,(anonymous_2)
FNF:3
FNH:0
FNDA:0,(anonymous_0)
FNDA:0,(anonymous_1)
FNDA:0,(anonymous_2)
DA:5,1
DA:7,1
DA:8,0
DA:15,1
DA:16,0
DA:18,0
DA:19,0
DA:24,0
DA:25,0
DA:30,0
DA:31,0
DA:32,0
DA:34,0
DA:36,0
DA:43,0
DA:44,0
DA:45,0
DA:46,0
DA:50,1
DA:51,0
DA:53,0
DA:54,0
DA:59,0
DA:60,0
DA:61,0
DA:63,0
DA:65,0
DA:72,0
DA:73,0
DA:74,0
DA:75,0
LF:31
LH:4
BRDA:5,0,0,1
BRDA:5,0,1,1
BRDA:18,1,0,0
BRDA:18,1,1,0
BRDA:18,2,0,0
BRDA:18,2,1,0
BRDA:18,2,2,0
BRDA:24,3,0,0
BRDA:24,3,1,0
BRDA:44,4,0,0
BRDA:44,4,1,0
BRDA:45,5,0,0
BRDA:45,5,1,0
BRDA:53,6,0,0
BRDA:53,6,1,0
BRDA:53,7,0,0
BRDA:53,7,1,0
BRDA:73,8,0,0
BRDA:73,8,1,0
BRDA:74,9,0,0
BRDA:74,9,1,0
BRF:21
BRH:2
end_of_record
TN:
SF:src\controllers\categoryController.js
FN:7,(anonymous_0)
FN:30,(anonymous_1)
FN:64,(anonymous_2)
FNF:3
FNH:1
FNDA:1,(anonymous_0)
FNDA:0,(anonymous_1)
FNDA:0,(anonymous_2)
DA:7,1
DA:8,1
DA:10,1
DA:11,1
DA:12,0
DA:15,1
DA:16,1
DA:17,1
DA:19,0
DA:20,0
DA:21,0
DA:22,0
DA:30,1
DA:31,0
DA:33,0
DA:34,0
DA:37,0
DA:38,0
DA:41,0
DA:42,0
DA:43,0
DA:46,0
DA:47,0
DA:48,0
DA:53,0
DA:54,0
DA:55,0
DA:56,0
DA:64,1
DA:65,0
DA:66,0
DA:68,0
DA:69,0
DA:72,0
DA:73,0
DA:74,0
DA:77,0
DA:78,0
DA:79,0
DA:81,0
DA:82,0
DA:83,0
DA:84,0
LF:43
LH:9
BRDA:11,0,0,0
BRDA:11,0,1,1
BRDA:11,1,0,1
BRDA:11,1,1,1
BRDA:19,2,0,0
BRDA:19,2,1,0
BRDA:20,3,0,0
BRDA:20,3,1,0
BRDA:21,4,0,0
BRDA:21,4,1,0
BRDA:33,5,0,0
BRDA:33,5,1,0
BRDA:33,6,0,0
BRDA:33,6,1,0
BRDA:33,6,2,0
BRDA:37,7,0,0
BRDA:37,7,1,0
BRDA:42,8,0,0
BRDA:42,8,1,0
BRDA:42,9,0,0
BRDA:42,9,1,0
BRDA:53,10,0,0
BRDA:53,10,1,0
BRDA:54,11,0,0
BRDA:54,11,1,0
BRDA:55,12,0,0
BRDA:55,12,1,0
BRDA:68,13,0,0
BRDA:68,13,1,0
BRDA:68,14,0,0
BRDA:68,14,1,0
BRDA:73,15,0,0
BRDA:73,15,1,0
BRDA:73,16,0,0
BRDA:73,16,1,0
BRDA:81,17,0,0
BRDA:81,17,1,0
BRDA:82,18,0,0
BRDA:82,18,1,0
BRDA:83,19,0,0
BRDA:83,19,1,0
BRF:41
BRH:3
end_of_record
TN:
SF:src\controllers\transactionController.js
FN:9,(anonymous_0)
FN:47,(anonymous_1)
FN:73,(anonymous_2)
FN:109,(anonymous_3)
FN:131,(anonymous_4)
FNF:5
FNH:0
FNDA:0,(anonymous_0)
FNDA:0,(anonymous_1)
FNDA:0,(anonymous_2)
FNDA:0,(anonymous_3)
FNDA:0,(anonymous_4)
DA:9,1
DA:10,0
DA:12,0
DA:13,0
DA:16,0
DA:17,0
DA:20,0
DA:26,0
DA:36,0
DA:37,0
DA:38,0
DA:39,0
DA:47,1
DA:48,0
DA:49,0
DA:51,0
DA:52,0
DA:55,0
DA:57,0
DA:58,0
DA:59,0
DA:60,0
DA:62,0
DA:63,0
DA:64,0
DA:65,0
DA:73,1
DA:74,0
DA:76,0
DA:77,0
DA:80,0
DA:81,0
DA:84,0
DA:85,0
DA:93,0
DA:98,0
DA:99,0
DA:100,0
DA:101,0
DA:109,1
DA:110,0
DA:112,0
DA:113,0
DA:116,0
DA:117,0
DA:118,0
DA:120,0
DA:121,0
DA:122,0
DA:123,0
DA:131,1
DA:132,0
DA:133,0
DA:135,0
DA:136,0
DA:139,0
DA:140,0
DA:143,0
DA:144,0
DA:148,0
DA:150,0
DA:151,0
DA:152,0
DA:153,0
LF:64
LH:5
BRDA:12,0,0,0
BRDA:12,0,1,0
BRDA:12,1,0,0
BRDA:12,1,1,0
BRDA:28,2,0,0
BRDA:28,2,1,0
BRDA:29,3,0,0
BRDA:29,3,1,0
BRDA:30,4,0,0
BRDA:30,4,1,0
BRDA:31,5,0,0
BRDA:31,5,1,0
BRDA:33,6,0,0
BRDA:33,6,1,0
BRDA:37,7,0,0
BRDA:37,7,1,0
BRDA:38,8,0,0
BRDA:38,8,1,0
BRDA:49,9,0,0
BRDA:51,10,0,0
BRDA:51,10,1,0
BRDA:51,11,0,0
BRDA:51,11,1,0
BRDA:63,12,0,0
BRDA:63,12,1,0
BRDA:64,13,0,0
BRDA:64,13,1,0
BRDA:76,14,0,0
BRDA:76,14,1,0
BRDA:76,15,0,0
BRDA:76,15,1,0
BRDA:76,15,2,0
BRDA:76,15,3,0
BRDA:76,15,4,0
BRDA:80,16,0,0
BRDA:80,16,1,0
BRDA:99,17,0,0
BRDA:99,17,1,0
BRDA:100,18,0,0
BRDA:100,18,1,0
BRDA:112,19,0,0
BRDA:112,19,1,0
BRDA:112,20,0,0
BRDA:112,20,1,0
BRDA:121,21,0,0
BRDA:121,21,1,0
BRDA:122,22,0,0
BRDA:122,22,1,0
BRDA:135,23,0,0
BRDA:135,23,1,0
BRDA:135,24,0,0
BRDA:135,24,1,0
BRDA:139,25,0,0
BRDA:139,25,1,0
BRDA:139,26,0,0
BRDA:139,26,1,0
BRDA:151,27,0,0
BRDA:151,27,1,0
BRDA:152,28,0,0
BRDA:152,28,1,0
BRF:60
BRH:0
end_of_record
TN:
SF:src\db\categoryRepository.js
FN:12,(anonymous_0)
FN:30,(anonymous_1)
FN:59,(anonymous_2)
FN:82,(anonymous_3)
FNF:4
FNH:0
FNDA:0,(anonymous_0)
FNDA:0,(anonymous_1)
FNDA:0,(anonymous_2)
FNDA:0,(anonymous_3)
DA:12,2
DA:13,0
DA:14,0
DA:15,0
DA:16,0
DA:18,0
DA:19,0
DA:30,2
DA:31,0
DA:36,0
DA:37,0
DA:38,0
DA:41,0
DA:42,0
DA:43,0
DA:44,0
DA:46,0
DA:47,0
DA:59,2
DA:60,0
DA:61,0
DA:62,0
DA:63,0
DA:66,0
DA:67,0
DA:68,0
DA:69,0
DA:71,0
DA:72,0
DA:82,2
DA:83,0
DA:84,0
DA:85,0
DA:86,0
DA:88,0
DA:89,0
LF:36
LH:4
BRDA:41,0,0,0
BRDA:41,0,1,0
BRDA:66,1,0,0
BRDA:66,1,1,0
BRF:4
BRH:0
end_of_record
TN:
SF:src\db\transactionRepository.js
FN:11,(anonymous_0)
FN:67,(anonymous_1)
FN:96,(anonymous_2)
FN:117,(anonymous_3)
FN:150,(anonymous_4)
FN:173,(anonymous_5)
FNF:6
FNH:0
FNDA:0,(anonymous_0)
FNDA:0,(anonymous_1)
FNDA:0,(anonymous_2)
FNDA:0,(anonymous_3)
FNDA:0,(anonymous_4)
FNDA:0,(anonymous_5)
DA:11,1
DA:12,0
DA:13,0
DA:14,0
DA:22,0
DA:37,0
DA:38,0
DA:40,0
DA:41,0
DA:42,0
DA:43,0
DA:44,0
DA:47,0
DA:48,0
DA:49,0
DA:50,0
DA:53,0
DA:55,0
DA:60,0
DA:61,0
DA:63,0
DA:67,0
DA:79,0
DA:80,0
DA:82,0
DA:96,1
DA:97,0
DA:103,0
DA:104,0
DA:105,0
DA:107,0
DA:108,0
DA:117,1
DA:118,0
DA:135,0
DA:136,0
DA:137,0
DA:139,0
DA:140,0
DA:150,1
DA:151,0
DA:157,0
DA:158,0
DA:159,0
DA:161,0
DA:162,0
DA:173,1
DA:174,0
DA:185,0
DA:186,0
DA:188,0
DA:189,0
DA:190,0
DA:191,0
DA:194,0
DA:195,0
DA:196,0
DA:197,0
DA:200,0
DA:202,0
DA:203,0
DA:204,0
DA:206,0
DA:207,0
LF:64
LH:5
BRDA:11,0,0,0
BRDA:11,1,0,0
BRDA:40,2,0,0
BRDA:40,2,1,0
BRDA:47,3,0,0
BRDA:47,3,1,0
BRDA:173,4,0,0
BRDA:173,5,0,0
BRDA:188,6,0,0
BRDA:188,6,1,0
BRDA:194,7,0,0
BRDA:194,7,1,0
BRF:12
BRH:0
end_of_record
TN:
SF:src\db\userReporitory.js
FN:7,findUserByEmail
FN:30,createUser
FN:54,findUserById
FN:73,updateUser
FN:102,deleteUser
FNF:5
FNH:0
FNDA:0,findUserByEmail
FNDA:0,createUser
FNDA:0,findUserById
FNDA:0,updateUser
FNDA:0,deleteUser
DA:8,0
DA:14,0
DA:15,0
DA:16,0
DA:18,0
DA:19,0
DA:31,0
DA:37,0
DA:38,0
DA:39,0
DA:41,0
DA:43,0
DA:44,0
DA:47,0
DA:55,0
DA:61,0
DA:62,0
DA:63,0
DA:65,0
DA:66,0
DA:74,0
DA:76,0
DA:85,0
DA:86,0
DA:87,0
DA:89,0
DA:91,0
DA:92,0
DA:95,0
DA:103,0
DA:105,0
DA:106,0
DA:107,0
DA:109,0
DA:110,0
LF:35
LH:0
BRDA:16,0,0,0
BRDA:16,0,1,0
BRDA:43,1,0,0
BRDA:43,1,1,0
BRDA:63,2,0,0
BRDA:63,2,1,0
BRDA:87,3,0,0
BRDA:87,3,1,0
BRDA:91,4,0,0
BRDA:91,4,1,0
BRF:10
BRH:0
end_of_record
TN:
SF:src\routes\authRoutes.js
FNF:0
FNH:0
DA:4,1
DA:7,1
DA:8,1
LF:3
LH:3
BRF:0
BRH:0
end_of_record
TN:
SF:src\routes\categoryRoutes.js
FNF:0
FNH:0
DA:4,1
DA:6,1
LF:2
LH:2
BRF:0
BRH:0
end_of_record
TN:
SF:src\routes\transactionRoutes.js
FNF:0
FNH:0
DA:4,1
DA:6,1
DA:8,1
DA:10,1
LF:4
LH:4
BRF:0
BRH:0
end_of_record
TN:
SF:src\services\authService.js
FN:13,(anonymous_0)
FN:28,(anonymous_1)
FN:72,(anonymous_2)
FN:127,(anonymous_3)
FNF:4
FNH:0
FNDA:0,(anonymous_0)
FNDA:0,(anonymous_1)
FNDA:0,(anonymous_2)
FNDA:0,(anonymous_3)
DA:6,1
DA:13,1
DA:14,0
DA:28,1
DA:29,0
DA:31,0
DA:32,0
DA:33,0
DA:34,0
DA:35,0
DA:39,0
DA:40,0
DA:43,0
DA:46,0
DA:48,0
DA:57,0
DA:58,0
DA:60,0
DA:61,0
DA:62,0
DA:72,1
DA:73,0
DA:75,0
DA:77,0
DA:78,0
DA:79,0
DA:80,0
DA:84,0
DA:86,0
DA:87,0
DA:88,0
DA:89,0
DA:93,0
DA:95,0
DA:96,0
DA:97,0
DA:98,0
DA:102,0
DA:104,0
DA:113,0
DA:114,0
DA:116,0
DA:117,0
DA:118,0
DA:127,1
DA:128,0
DA:129,0
DA:131,0
LF:48
LH:5
BRDA:6,0,0,1
BRDA:6,0,1,1
BRDA:32,1,0,0
BRDA:32,1,1,0
BRDA:58,2,0,0
BRDA:58,2,1,0
BRDA:60,3,0,0
BRDA:60,3,1,0
BRDA:77,4,0,0
BRDA:77,4,1,0
BRDA:86,5,0,0
BRDA:86,5,1,0
BRDA:95,6,0,0
BRDA:95,6,1,0
BRDA:114,7,0,0
BRDA:114,7,1,0
BRDA:116,8,0,0
BRDA:116,8,1,0
BRF:18
BRH:2
end_of_record
TN:
SF:src\services\categoryService.js
FN:9,(anonymous_0)
FN:31,(anonymous_1)
FN:54,(anonymous_2)
FN:75,(anonymous_3)
FN:106,(anonymous_4)
FNF:5
FNH:4
FNDA:1,(anonymous_0)
FNDA:1,(anonymous_1)
FNDA:0,(anonymous_2)
FNDA:1,(anonymous_3)
FNDA:1,(anonymous_4)
DA:9,2
DA:10,1
DA:11,0
DA:12,0
DA:13,0
DA:16,1
DA:17,1
DA:19,0
DA:20,0
DA:21,0
DA:22,0
DA:31,2
DA:32,1
DA:33,0
DA:34,0
DA:35,0
DA:38,1
DA:39,1
DA:52,1
DA:54,1
DA:61,0
DA:62,0
DA:63,0
DA:64,0
DA:75,2
DA:76,1
DA:77,1
DA:78,1
DA:79,1
DA:82,0
DA:83,0
DA:84,0
DA:85,0
DA:88,0
DA:89,0
DA:91,0
DA:92,0
DA:94,0
DA:95,0
DA:96,0
DA:106,2
DA:107,1
DA:108,0
DA:109,0
DA:110,0
DA:113,1
DA:114,1
DA:116,1
DA:117,1
DA:118,1
DA:119,1
DA:122,0
DA:124,0
DA:125,0
DA:126,0
DA:127,0
DA:130,0
DA:132,1
DA:133,1
DA:135,0
DA:136,0
DA:137,0
LF:62
LH:25
BRDA:10,0,0,0
BRDA:10,0,1,1
BRDA:32,1,0,0
BRDA:32,1,1,1
BRDA:58,2,0,0
BRDA:58,2,1,0
BRDA:76,3,0,1
BRDA:76,3,1,0
BRDA:76,4,0,1
BRDA:76,4,1,1
BRDA:76,4,2,1
BRDA:82,5,0,0
BRDA:82,5,1,0
BRDA:92,6,0,0
BRDA:92,6,1,0
BRDA:107,7,0,0
BRDA:107,7,1,1
BRDA:107,8,0,1
BRDA:107,8,1,1
BRDA:116,9,0,1
BRDA:116,9,1,0
BRDA:124,10,0,0
BRDA:124,10,1,0
BRDA:133,11,0,1
BRDA:133,11,1,0
BRF:25
BRH:11
end_of_record
TN:
SF:src\services\transactionService.js
FN:14,(anonymous_0)
FN:24,(anonymous_1)
FN:57,(anonymous_2)
FN:81,(anonymous_3)
FN:104,(anonymous_4)
FN:137,(anonymous_5)
FN:166,(anonymous_6)
FNF:7
FNH:0
FNDA:0,(anonymous_0)
FNDA:0,(anonymous_1)
FNDA:0,(anonymous_2)
FNDA:0,(anonymous_3)
FNDA:0,(anonymous_4)
FNDA:0,(anonymous_5)
FNDA:0,(anonymous_6)
DA:14,1
DA:15,0
DA:16,0
DA:17,0
DA:18,0
DA:21,0
DA:23,0
DA:24,0
DA:26,0
DA:27,0
DA:28,0
DA:29,0
DA:32,0
DA:34,0
DA:43,0
DA:44,0
DA:46,0
DA:47,0
DA:48,0
DA:57,1
DA:58,0
DA:59,0
DA:60,0
DA:61,0
DA:64,0
DA:65,0
DA:67,0
DA:68,0
DA:69,0
DA:70,0
DA:81,1
DA:82,0
DA:83,0
DA:84,0
DA:85,0
DA:88,0
DA:89,0
DA:91,0
DA:92,0
DA:93,0
DA:94,0
DA:104,1
DA:105,0
DA:106,0
DA:107,0
DA:108,0
DA:111,0
DA:112,0
DA:114,0
DA:115,0
DA:116,0
DA:117,0
DA:120,0
DA:122,0
DA:123,0
DA:125,0
DA:126,0
DA:127,0
DA:137,1
DA:138,0
DA:139,0
DA:140,0
DA:141,0
DA:144,0
DA:145,0
DA:146,0
DA:148,0
DA:149,0
DA:150,0
DA:151,0
DA:152,0
DA:153,0
DA:154,0
DA:155,0
DA:158,0
DA:164,0
DA:165,0
DA:166,0
DA:167,0
DA:168,0
DA:172,0
DA:177,0
DA:178,0
DA:179,0
DA:180,0
LF:85
LH:5
BRDA:15,0,0,0
BRDA:15,0,1,0
BRDA:15,1,0,0
BRDA:15,1,1,0
BRDA:15,1,2,0
BRDA:15,1,3,0
BRDA:15,1,4,0
BRDA:26,2,0,0
BRDA:26,2,1,0
BRDA:44,3,0,0
BRDA:44,3,1,0
BRDA:58,4,0,0
BRDA:58,4,1,0
BRDA:81,5,0,0
BRDA:81,6,0,0
BRDA:82,7,0,0
BRDA:82,7,1,0
BRDA:105,8,0,0
BRDA:105,8,1,0
BRDA:105,9,0,0
BRDA:105,9,1,0
BRDA:114,10,0,0
BRDA:114,10,1,0
BRDA:123,11,0,0
BRDA:123,11,1,0
BRDA:137,12,0,0
BRDA:138,13,0,0
BRDA:138,13,1,0
BRDA:148,14,0,0
BRDA:148,14,1,0
BRDA:152,15,0,0
BRDA:152,15,1,0
BRDA:165,16,0,0
BRDA:165,16,1,0
BRDA:165,17,0,0
BRDA:165,17,1,0
BRDA:168,18,0,0
BRDA:168,18,1,0
BRF:38
BRH:0
end_of_record
